<?xml version="1.0" encoding="UTF-8"?>
<testsuite name="newgroup.StartP94ApplicationTests" time="0.013" tests="1" errors="1" skipped="0" failures="0">
  <properties>
[...]
</properties>
  <testcase name="contextLoads" classname="newgroup.StartP94ApplicationTests" time="0.013">
    <error message="Failed to load ApplicationContext" type="java.lang.IllegalStateException"><![CDATA[java.lang.IllegalStateException: Failed to load ApplicationContext
	at org.springframework.test.context.cache.DefaultCacheAwareContextLoaderDelegate.loadContext(DefaultCacheAwareContextLoaderDelegate.java:124)
	at org.springframework.test.context.support.DefaultTestContext.getApplicationContext(DefaultTestContext.java:83)
	at org.springframework.test.context.web.ServletTestExecutionListener.setUpRequestContextIfNecessary(ServletTestExecutionListener.java:189)
	at org.springframework.test.context.web.ServletTestExecutionListener.prepareTestInstance(ServletTestExecutionListener.java:131)
	at org.springframework.test.context.TestContextManager.prepareTestInstance(TestContextManager.java:230)
	at org.springframework.test.context.junit4.SpringJUnit4ClassRunner.createTest(SpringJUnit4ClassRunner.java:228)
	at org.springframework.test.context.junit4.SpringJUnit4ClassRunner$1.runReflectiveCall(SpringJUnit4ClassRunner.java:287)
	at org.junit.internal.runners.model.ReflectiveCallable.run(ReflectiveCallable.java:12)
	at org.springframework.test.context.junit4.SpringJUnit4ClassRunner.methodBlock(SpringJUnit4ClassRunner.java:289)
	at org.springframework.test.context.junit4.SpringJUnit4ClassRunner.runChild(SpringJUnit4ClassRunner.java:247)
	at org.springframework.test.context.junit4.SpringJUnit4ClassRunner.runChild(SpringJUnit4ClassRunner.java:94)
	at org.junit.runners.ParentRunner$3.run(ParentRunner.java:290)
	at org.junit.runners.ParentRunner$1.schedule(ParentRunner.java:71)
	at org.junit.runners.ParentRunner.runChildren(ParentRunner.java:288)
	at org.junit.runners.ParentRunner.access$000(ParentRunner.java:58)
	at org.junit.runners.ParentRunner$2.evaluate(ParentRunner.java:268)
	at org.springframework.test.context.junit4.statements.RunBeforeTestClassCallbacks.evaluate(RunBeforeTestClassCallbacks.java:61)
	at org.springframework.test.context.junit4.statements.RunAfterTestClassCallbacks.evaluate(RunAfterTestClassCallbacks.java:70)
	at org.junit.runners.ParentRunner.run(ParentRunner.java:363)
	at org.springframework.test.context.junit4.SpringJUnit4ClassRunner.run(SpringJUnit4ClassRunner.java:191)
	at org.apache.maven.surefire.junit4.JUnit4Provider.execute(JUnit4Provider.java:283)
	at org.apache.maven.surefire.junit4.JUnit4Provider.executeWithRerun(JUnit4Provider.java:173)
	at org.apache.maven.surefire.junit4.JUnit4Provider.executeTestSet(JUnit4Provider.java:153)
	at org.apache.maven.surefire.junit4.JUnit4Provider.invoke(JUnit4Provider.java:128)
	at org.apache.maven.surefire.booter.ForkedBooter.invokeProviderInSameClassLoader(ForkedBooter.java:203)
	at org.apache.maven.surefire.booter.ForkedBooter.runSuitesInProcess(ForkedBooter.java:155)
	at org.apache.maven.surefire.booter.ForkedBooter.main(ForkedBooter.java:103)
Caused by: org.springframework.beans.factory.UnsatisfiedDependencyException: Error creating bean with name 'heloController': Unsatisfied dependency expressed through field 'repository': Error creating bean with name 'myDataRepository': Invocation of init method failed; nested exception is java.lang.IllegalArgumentException: Not a managed type: class entity.MyData; nested exception is org.springframework.beans.factory.BeanCreationException: Error creating bean with name 'myDataRepository': Invocation of init method failed; nested exception is java.lang.IllegalArgumentException: Not a managed type: class entity.MyData
	at org.springframework.beans.factory.annotation.AutowiredAnnotationBeanPostProcessor$AutowiredFieldElement.inject(AutowiredAnnotationBeanPostProcessor.java:569)
	at org.springframework.beans.factory.annotation.InjectionMetadata.inject(InjectionMetadata.java:88)
	at org.springframework.beans.factory.annotation.AutowiredAnnotationBeanPostProcessor.postProcessPropertyValues(AutowiredAnnotationBeanPostProcessor.java:349)
	at org.springframework.beans.factory.support.AbstractAutowireCapableBeanFactory.populateBean(AbstractAutowireCapableBeanFactory.java:1214)
	at org.springframework.beans.factory.support.AbstractAutowireCapableBeanFactory.doCreateBean(AbstractAutowireCapableBeanFactory.java:543)
	at org.springframework.beans.factory.support.AbstractAutowireCapableBeanFactory.createBean(AbstractAutowireCapableBeanFactory.java:482)
	at org.springframework.beans.factory.support.AbstractBeanFactory$1.getObject(AbstractBeanFactory.java:306)
	at org.springframework.beans.factory.support.DefaultSingletonBeanRegistry.getSingleton(DefaultSingletonBeanRegistry.java:230)
	at org.springframework.beans.factory.support.AbstractBeanFactory.doGetBean(AbstractBeanFactory.java:302)
	at org.springframework.beans.factory.support.AbstractBeanFactory.getBean(AbstractBeanFactory.java:197)
	at org.springframework.beans.factory.support.DefaultListableBeanFactory.preInstantiateSingletons(DefaultListableBeanFactory.java:776)
	at org.springframework.context.support.AbstractApplicationContext.finishBeanFactoryInitialization(AbstractApplicationContext.java:861)
	at org.springframework.context.support.AbstractApplicationContext.refresh(AbstractApplicationContext.java:541)
	at org.springframework.boot.SpringApplication.refresh(SpringApplication.java:759)
	at org.springframework.boot.SpringApplication.refreshContext(SpringApplication.java:369)
	at org.springframework.boot.SpringApplication.run(SpringApplication.java:313)
	at org.springframework.boot.test.SpringApplicationContextLoader.loadContext(SpringApplicationContextLoader.java:103)
	at org.springframework.test.context.cache.DefaultCacheAwareContextLoaderDelegate.loadContextInternal(DefaultCacheAwareContextLoaderDelegate.java:98)
	at org.springframework.test.context.cache.DefaultCacheAwareContextLoaderDelegate.loadContext(DefaultCacheAwareContextLoaderDelegate.java:116)
	at org.springframework.test.context.support.DefaultTestContext.getApplicationContext(DefaultTestContext.java:83)
	at org.springframework.test.context.web.ServletTestExecutionListener.setUpRequestContextIfNecessary(ServletTestExecutionListener.java:189)
	at org.springframework.test.context.web.ServletTestExecutionListener.prepareTestInstance(ServletTestExecutionListener.java:131)
	at org.springframework.test.context.TestContextManager.prepareTestInstance(TestContextManager.java:230)
	at org.springframework.test.context.junit4.SpringJUnit4ClassRunner.createTest(SpringJUnit4ClassRunner.java:228)
	at org.springframework.test.context.junit4.SpringJUnit4ClassRunner$1.runReflectiveCall(SpringJUnit4ClassRunner.java:287)
	at org.junit.internal.runners.model.ReflectiveCallable.run(ReflectiveCallable.java:12)
	at org.springframework.test.context.junit4.SpringJUnit4ClassRunner.methodBlock(SpringJUnit4ClassRunner.java:289)
	at org.springframework.test.context.junit4.SpringJUnit4ClassRunner.runChild(SpringJUnit4ClassRunner.java:247)
	at org.springframework.test.context.junit4.SpringJUnit4ClassRunner.runChild(SpringJUnit4ClassRunner.java:94)
	at org.junit.runners.ParentRunner$3.run(ParentRunner.java:290)
	at org.junit.runners.ParentRunner$1.schedule(ParentRunner.java:71)
	at org.junit.runners.ParentRunner.runChildren(ParentRunner.java:288)
	at org.junit.runners.ParentRunner.access$000(ParentRunner.java:58)
	at org.junit.runners.ParentRunner$2.evaluate(ParentRunner.java:268)
	at org.springframework.test.context.junit4.statements.RunBeforeTestClassCallbacks.evaluate(RunBeforeTestClassCallbacks.java:61)
	at org.springframework.test.context.junit4.statements.RunAfterTestClassCallbacks.evaluate(RunAfterTestClassCallbacks.java:70)
	at org.junit.runners.ParentRunner.run(ParentRunner.java:363)
	at org.springframework.test.context.junit4.SpringJUnit4ClassRunner.run(SpringJUnit4ClassRunner.java:191)
	at org.apache.maven.surefire.junit4.JUnit4Provider.execute(JUnit4Provider.java:283)
	at org.apache.maven.surefire.junit4.JUnit4Provider.executeWithRerun(JUnit4Provider.java:173)
	at org.apache.maven.surefire.junit4.JUnit4Provider.executeTestSet(JUnit4Provider.java:153)
	at org.apache.maven.surefire.junit4.JUnit4Provider.invoke(JUnit4Provider.java:128)
	at org.apache.maven.surefire.booter.ForkedBooter.invokeProviderInSameClassLoader(ForkedBooter.java:203)
	at org.apache.maven.surefire.booter.ForkedBooter.runSuitesInProcess(ForkedBooter.java:155)
	at org.apache.maven.surefire.booter.ForkedBooter.main(ForkedBooter.java:103)
Caused by: org.springframework.beans.factory.BeanCreationException: Error creating bean with name 'myDataRepository': Invocation of init method failed; nested exception is java.lang.IllegalArgumentException: Not a managed type: class entity.MyData
	at org.springframework.beans.factory.support.AbstractAutowireCapableBeanFactory.initializeBean(AbstractAutowireCapableBeanFactory.java:1578)
	at org.springframework.beans.factory.support.AbstractAutowireCapableBeanFactory.doCreateBean(AbstractAutowireCapableBeanFactory.java:545)
	at org.springframework.beans.factory.support.AbstractAutowireCapableBeanFactory.createBean(AbstractAutowireCapableBeanFactory.java:482)
	at org.springframework.beans.factory.support.AbstractBeanFactory$1.getObject(AbstractBeanFactory.java:306)
	at org.springframework.beans.factory.support.DefaultSingletonBeanRegistry.getSingleton(DefaultSingletonBeanRegistry.java:230)
	at org.springframework.beans.factory.support.AbstractBeanFactory.doGetBean(AbstractBeanFactory.java:302)
	at org.springframework.beans.factory.support.AbstractBeanFactory.getBean(AbstractBeanFactory.java:202)
	at org.springframework.beans.factory.config.DependencyDescriptor.resolveCandidate(DependencyDescriptor.java:207)
	at org.springframework.beans.factory.support.DefaultListableBeanFactory.findAutowireCandidates(DefaultListableBeanFactory.java:1214)
	at org.springframework.beans.factory.support.DefaultListableBeanFactory.doResolveDependency(DefaultListableBeanFactory.java:1054)
	at org.springframework.beans.factory.support.DefaultListableBeanFactory.resolveDependency(DefaultListableBeanFactory.java:1019)
	at org.springframework.beans.factory.annotation.AutowiredAnnotationBeanPostProcessor$AutowiredFieldElement.inject(AutowiredAnnotationBeanPostProcessor.java:566)
	at org.springframework.beans.factory.annotation.InjectionMetadata.inject(InjectionMetadata.java:88)
	at org.springframework.beans.factory.annotation.AutowiredAnnotationBeanPostProcessor.postProcessPropertyValues(AutowiredAnnotationBeanPostProcessor.java:349)
	at org.springframework.beans.factory.support.AbstractAutowireCapableBeanFactory.populateBean(AbstractAutowireCapableBeanFactory.java:1214)
	at org.springframework.beans.factory.support.AbstractAutowireCapableBeanFactory.doCreateBean(AbstractAutowireCapableBeanFactory.java:543)
	at org.springframework.beans.factory.support.AbstractAutowireCapableBeanFactory.createBean(AbstractAutowireCapableBeanFactory.java:482)
	at org.springframework.beans.factory.support.AbstractBeanFactory$1.getObject(AbstractBeanFactory.java:306)
	at org.springframework.beans.factory.support.DefaultSingletonBeanRegistry.getSingleton(DefaultSingletonBeanRegistry.java:230)
	at org.springframework.beans.factory.support.AbstractBeanFactory.doGetBean(AbstractBeanFactory.java:302)
	at org.springframework.beans.factory.support.AbstractBeanFactory.getBean(AbstractBeanFactory.java:197)
	at org.springframework.beans.factory.support.DefaultListableBeanFactory.preInstantiateSingletons(DefaultListableBeanFactory.java:776)
	at org.springframework.context.support.AbstractApplicationContext.finishBeanFactoryInitialization(AbstractApplicationContext.java:861)
	at org.springframework.context.support.AbstractApplicationContext.refresh(AbstractApplicationContext.java:541)
	at org.springframework.boot.SpringApplication.refresh(SpringApplication.java:759)
	at org.springframework.boot.SpringApplication.refreshContext(SpringApplication.java:369)
	at org.springframework.boot.SpringApplication.run(SpringApplication.java:313)
	at org.springframework.boot.test.SpringApplicationContextLoader.loadContext(SpringApplicationContextLoader.java:103)
	at org.springframework.test.context.cache.DefaultCacheAwareContextLoaderDelegate.loadContextInternal(DefaultCacheAwareContextLoaderDelegate.java:98)
	at org.springframework.test.context.cache.DefaultCacheAwareContextLoaderDelegate.loadContext(DefaultCacheAwareContextLoaderDelegate.java:116)
	at org.springframework.test.context.support.DefaultTestContext.getApplicationContext(DefaultTestContext.java:83)
	at org.springframework.test.context.web.ServletTestExecutionListener.setUpRequestContextIfNecessary(ServletTestExecutionListener.java:189)
	at org.springframework.test.context.web.ServletTestExecutionListener.prepareTestInstance(ServletTestExecutionListener.java:131)
	at org.springframework.test.context.TestContextManager.prepareTestInstance(TestContextManager.java:230)
	at org.springframework.test.context.junit4.SpringJUnit4ClassRunner.createTest(SpringJUnit4ClassRunner.java:228)
	at org.springframework.test.context.junit4.SpringJUnit4ClassRunner$1.runReflectiveCall(SpringJUnit4ClassRunner.java:287)
	at org.junit.internal.runners.model.ReflectiveCallable.run(ReflectiveCallable.java:12)
	at org.springframework.test.context.junit4.SpringJUnit4ClassRunner.methodBlock(SpringJUnit4ClassRunner.java:289)
	at org.springframework.test.context.junit4.SpringJUnit4ClassRunner.runChild(SpringJUnit4ClassRunner.java:247)
	at org.springframework.test.context.junit4.SpringJUnit4ClassRunner.runChild(SpringJUnit4ClassRunner.java:94)
	at org.junit.runners.ParentRunner$3.run(ParentRunner.java:290)
	at org.junit.runners.ParentRunner$1.schedule(ParentRunner.java:71)
	at org.junit.runners.ParentRunner.runChildren(ParentRunner.java:288)
	at org.junit.runners.ParentRunner.access$000(ParentRunner.java:58)
	at org.junit.runners.ParentRunner$2.evaluate(ParentRunner.java:268)
	at org.springframework.test.context.junit4.statements.RunBeforeTestClassCallbacks.evaluate(RunBeforeTestClassCallbacks.java:61)
	at org.springframework.test.context.junit4.statements.RunAfterTestClassCallbacks.evaluate(RunAfterTestClassCallbacks.java:70)
	at org.junit.runners.ParentRunner.run(ParentRunner.java:363)
	at org.springframework.test.context.junit4.SpringJUnit4ClassRunner.run(SpringJUnit4ClassRunner.java:191)
	at org.apache.maven.surefire.junit4.JUnit4Provider.execute(JUnit4Provider.java:283)
	at org.apache.maven.surefire.junit4.JUnit4Provider.executeWithRerun(JUnit4Provider.java:173)
	at org.apache.maven.surefire.junit4.JUnit4Provider.executeTestSet(JUnit4Provider.java:153)
	at org.apache.maven.surefire.junit4.JUnit4Provider.invoke(JUnit4Provider.java:128)
	at org.apache.maven.surefire.booter.ForkedBooter.invokeProviderInSameClassLoader(ForkedBooter.java:203)
	at org.apache.maven.surefire.booter.ForkedBooter.runSuitesInProcess(ForkedBooter.java:155)
	at org.apache.maven.surefire.booter.ForkedBooter.main(ForkedBooter.java:103)
Caused by: java.lang.IllegalArgumentException: Not a managed type: class entity.MyData
	at org.hibernate.jpa.internal.metamodel.MetamodelImpl.managedType(MetamodelImpl.java:210)
	at org.springframework.data.jpa.repository.support.JpaMetamodelEntityInformation.<init>(JpaMetamodelEntityInformation.java:68)
	at org.springframework.data.jpa.repository.support.JpaEntityInformationSupport.getEntityInformation(JpaEntityInformationSupport.java:67)
	at org.springframework.data.jpa.repository.support.JpaRepositoryFactory.getEntityInformation(JpaRepositoryFactory.java:152)
	at org.springframework.data.jpa.repository.support.JpaRepositoryFactory.getTargetRepository(JpaRepositoryFactory.java:99)
	at org.springframework.data.jpa.repository.support.JpaRepositoryFactory.getTargetRepository(JpaRepositoryFactory.java:81)
	at org.springframework.data.repository.core.support.RepositoryFactorySupport.getRepository(RepositoryFactorySupport.java:199)
	at org.springframework.data.repository.core.support.RepositoryFactoryBeanSupport.initAndReturn(RepositoryFactoryBeanSupport.java:266)
	at org.springframework.data.repository.core.support.RepositoryFactoryBeanSupport.afterPropertiesSet(RepositoryFactoryBeanSupport.java:252)
	at org.springframework.data.jpa.repository.support.JpaRepositoryFactoryBean.afterPropertiesSet(JpaRepositoryFactoryBean.java:92)
	at org.springframework.beans.factory.support.AbstractAutowireCapableBeanFactory.invokeInitMethods(AbstractAutowireCapableBeanFactory.java:1637)
	at org.springframework.beans.factory.support.AbstractAutowireCapableBeanFactory.initializeBean(AbstractAutowireCapableBeanFactory.java:1574)
	at org.springframework.beans.factory.support.AbstractAutowireCapableBeanFactory.doCreateBean(AbstractAutowireCapableBeanFactory.java:545)
	at org.springframework.beans.factory.support.AbstractAutowireCapableBeanFactory.createBean(AbstractAutowireCapableBeanFactory.java:482)
	at org.springframework.beans.factory.support.AbstractBeanFactory$1.getObject(AbstractBeanFactory.java:306)
	at org.springframework.beans.factory.support.DefaultSingletonBeanRegistry.getSingleton(DefaultSingletonBeanRegistry.java:230)
	at org.springframework.beans.factory.support.AbstractBeanFactory.doGetBean(AbstractBeanFactory.java:302)
	at org.springframework.beans.factory.support.AbstractBeanFactory.getBean(AbstractBeanFactory.java:202)
	at org.springframework.beans.factory.config.DependencyDescriptor.resolveCandidate(DependencyDescriptor.java:207)
	at org.springframework.beans.factory.support.DefaultListableBeanFactory.findAutowireCandidates(DefaultListableBeanFactory.java:1214)
	at org.springframework.beans.factory.support.DefaultListableBeanFactory.doResolveDependency(DefaultListableBeanFactory.java:1054)
	at org.springframework.beans.factory.support.DefaultListableBeanFactory.resolveDependency(DefaultListableBeanFactory.java:1019)
	at org.springframework.beans.factory.annotation.AutowiredAnnotationBeanPostProcessor$AutowiredFieldElement.inject(AutowiredAnnotationBeanPostProcessor.java:566)
	at org.springframework.beans.factory.annotation.InjectionMetadata.inject(InjectionMetadata.java:88)
	at org.springframework.beans.factory.annotation.AutowiredAnnotationBeanPostProcessor.postProcessPropertyValues(AutowiredAnnotationBeanPostProcessor.java:349)
	at org.springframework.beans.factory.support.AbstractAutowireCapableBeanFactory.populateBean(AbstractAutowireCapableBeanFactory.java:1214)
	at org.springframework.beans.factory.support.AbstractAutowireCapableBeanFactory.doCreateBean(AbstractAutowireCapableBeanFactory.java:543)
	at org.springframework.beans.factory.support.AbstractAutowireCapableBeanFactory.createBean(AbstractAutowireCapableBeanFactory.java:482)
	at org.springframework.beans.factory.support.AbstractBeanFactory$1.getObject(AbstractBeanFactory.java:306)
	at org.springframework.beans.factory.support.DefaultSingletonBeanRegistry.getSingleton(DefaultSingletonBeanRegistry.java:230)
	at org.springframework.beans.factory.support.AbstractBeanFactory.doGetBean(AbstractBeanFactory.java:302)
	at org.springframework.beans.factory.support.AbstractBeanFactory.getBean(AbstractBeanFactory.java:197)
	at org.springframework.beans.factory.support.DefaultListableBeanFactory.preInstantiateSingletons(DefaultListableBeanFactory.java:776)
	at org.springframework.context.support.AbstractApplicationContext.finishBeanFactoryInitialization(AbstractApplicationContext.java:861)
	at org.springframework.context.support.AbstractApplicationContext.refresh(AbstractApplicationContext.java:541)
	at org.springframework.boot.SpringApplication.refresh(SpringApplication.java:759)
	at org.springframework.boot.SpringApplication.refreshContext(SpringApplication.java:369)
	at org.springframework.boot.SpringApplication.run(SpringApplication.java:313)
	at org.springframework.boot.test.SpringApplicationContextLoader.loadContext(SpringApplicationContextLoader.java:103)
	at org.springframework.test.context.cache.DefaultCacheAwareContextLoaderDelegate.loadContextInternal(DefaultCacheAwareContextLoaderDelegate.java:98)
	at org.springframework.test.context.cache.DefaultCacheAwareContextLoaderDelegate.loadContext(DefaultCacheAwareContextLoaderDelegate.java:116)
	at org.springframework.test.context.support.DefaultTestContext.getApplicationContext(DefaultTestContext.java:83)
	at org.springframework.test.context.web.ServletTestExecutionListener.setUpRequestContextIfNecessary(ServletTestExecutionListener.java:189)
	at org.springframework.test.context.web.ServletTestExecutionListener.prepareTestInstance(ServletTestExecutionListener.java:131)
	at org.springframework.test.context.TestContextManager.prepareTestInstance(TestContextManager.java:230)
	at org.springframework.test.context.junit4.SpringJUnit4ClassRunner.createTest(SpringJUnit4ClassRunner.java:228)
	at org.springframework.test.context.junit4.SpringJUnit4ClassRunner$1.runReflectiveCall(SpringJUnit4ClassRunner.java:287)
	at org.junit.internal.runners.model.ReflectiveCallable.run(ReflectiveCallable.java:12)
	at org.springframework.test.context.junit4.SpringJUnit4ClassRunner.methodBlock(SpringJUnit4ClassRunner.java:289)
	at org.springframework.test.context.junit4.SpringJUnit4ClassRunner.runChild(SpringJUnit4ClassRunner.java:247)
	at org.springframework.test.context.junit4.SpringJUnit4ClassRunner.runChild(SpringJUnit4ClassRunner.java:94)
	at org.junit.runners.ParentRunner$3.run(ParentRunner.java:290)
	at org.junit.runners.ParentRunner$1.schedule(ParentRunner.java:71)
	at org.junit.runners.ParentRunner.runChildren(ParentRunner.java:288)
	at org.junit.runners.ParentRunner.access$000(ParentRunner.java:58)
	at org.junit.runners.ParentRunner$2.evaluate(ParentRunner.java:268)
	at org.springframework.test.context.junit4.statements.RunBeforeTestClassCallbacks.evaluate(RunBeforeTestClassCallbacks.java:61)
	at org.springframework.test.context.junit4.statements.RunAfterTestClassCallbacks.evaluate(RunAfterTestClassCallbacks.java:70)
	at org.junit.runners.ParentRunner.run(ParentRunner.java:363)
	at org.springframework.test.context.junit4.SpringJUnit4ClassRunner.run(SpringJUnit4ClassRunner.java:191)
	at org.apache.maven.surefire.junit4.JUnit4Provider.execute(JUnit4Provider.java:283)
	at org.apache.maven.surefire.junit4.JUnit4Provider.executeWithRerun(JUnit4Provider.java:173)
	at org.apache.maven.surefire.junit4.JUnit4Provider.executeTestSet(JUnit4Provider.java:153)
	at org.apache.maven.surefire.junit4.JUnit4Provider.invoke(JUnit4Provider.java:128)
	at org.apache.maven.surefire.booter.ForkedBooter.invokeProviderInSameClassLoader(ForkedBooter.java:203)
	at org.apache.maven.surefire.booter.ForkedBooter.runSuitesInProcess(ForkedBooter.java:155)
	at org.apache.maven.surefire.booter.ForkedBooter.main(ForkedBooter.java:103)
]]></error>
    <system-out><![CDATA[2016/09/11 15:03:14 DEBUG SpringJUnit4ClassRunner constructor called with [class newgroup.StartP94ApplicationTests]
2016/09/11 15:03:14 DEBUG Instantiating CacheAwareContextLoaderDelegate from class [org.springframework.test.context.cache.DefaultCacheAwareContextLoaderDelegate]
2016/09/11 15:03:14 DEBUG Instantiating BootstrapContext using constructor [public org.springframework.test.context.support.DefaultBootstrapContext(java.lang.Class,org.springframework.test.context.CacheAwareContextLoaderDelegate)]
2016/09/11 15:03:14 DEBUG Instantiating TestContextBootstrapper for test class [newgroup.StartP94ApplicationTests] from class [org.springframework.test.context.web.WebTestContextBootstrapper]
2016/09/11 15:03:14 DEBUG Found explicit ContextLoader class [org.springframework.boot.test.SpringApplicationContextLoader] for context configuration attributes [ContextConfigurationAttributes@76a3e297 declaringClass = 'newgroup.StartP94ApplicationTests', classes = '{class newgroup.StartP94Application}', locations = '{}', inheritLocations = true, initializers = '{}', inheritInitializers = true, name = [null], contextLoaderClass = 'org.springframework.boot.test.SpringApplicationContextLoader']
2016/09/11 15:03:14 DEBUG Did not detect default resource location for test class [newgroup.StartP94ApplicationTests]: class path resource [newgroup/StartP94ApplicationTests-context.xml] does not exist
2016/09/11 15:03:14 DEBUG Did not detect default resource location for test class [newgroup.StartP94ApplicationTests]: class path resource [newgroup/StartP94ApplicationTestsContext.groovy] does not exist
2016/09/11 15:03:14 INFO  Could not detect default resource locations for test class [newgroup.StartP94ApplicationTests]: no resource found for suffixes {-context.xml, Context.groovy}.
2016/09/11 15:03:14 DEBUG Could not find an 'annotation declaring class' for annotation type [org.springframework.test.context.ActiveProfiles] and class [newgroup.StartP94ApplicationTests]
2016/09/11 15:03:14 DEBUG @TestExecutionListeners is not present for class [newgroup.StartP94ApplicationTests]: using defaults.
2016/09/11 15:03:14 INFO  Loaded default TestExecutionListener class names from location [META-INF/spring.factories]: [org.springframework.boot.test.mock.mockito.MockitoTestExecutionListener, org.springframework.boot.test.mock.mockito.ResetMocksTestExecutionListener, org.springframework.boot.test.autoconfigure.AutoConfigureReportTestExecutionListener, org.springframework.boot.test.autoconfigure.restdocs.RestDocsTestExecutionListener, org.springframework.boot.test.autoconfigure.web.client.MockRestServiceServerResetTestExecutionListener, org.springframework.test.context.web.ServletTestExecutionListener, org.springframework.test.context.support.DirtiesContextBeforeModesTestExecutionListener, org.springframework.test.context.support.DependencyInjectionTestExecutionListener, org.springframework.test.context.support.DirtiesContextTestExecutionListener, org.springframework.test.context.transaction.TransactionalTestExecutionListener, org.springframework.test.context.jdbc.SqlScriptsTestExecutionListener]
2016/09/11 15:03:14 INFO  Using TestExecutionListeners: [org.springframework.test.context.web.ServletTestExecutionListener@69b794e2, org.springframework.test.context.support.DirtiesContextBeforeModesTestExecutionListener@3f200884, org.springframework.boot.test.autoconfigure.AutoConfigureReportTestExecutionListener@4d339552, org.springframework.test.context.support.DependencyInjectionTestExecutionListener@f0f2775, org.springframework.test.context.support.DirtiesContextTestExecutionListener@5a4aa2f2, org.springframework.test.context.transaction.TransactionalTestExecutionListener@6591f517, org.springframework.test.context.jdbc.SqlScriptsTestExecutionListener@345965f2, org.springframework.boot.test.autoconfigure.web.client.MockRestServiceServerResetTestExecutionListener@429bd883, org.springframework.boot.test.mock.mockito.MockitoTestExecutionListener@4d49af10, org.springframework.boot.test.mock.mockito.ResetMocksTestExecutionListener@279ad2e3, org.springframework.boot.test.autoconfigure.restdocs.RestDocsTestExecutionListener@58134517]
2016/09/11 15:03:14 DEBUG Retrieved @ProfileValueSourceConfiguration [null] for test class [newgroup.StartP94ApplicationTests]
2016/09/11 15:03:14 DEBUG Retrieved ProfileValueSource type [class org.springframework.test.annotation.SystemProfileValueSource] for class [newgroup.StartP94ApplicationTests]
2016/09/11 15:03:14 DEBUG SpringJUnit4ClassRunner constructor called with [class newgroup.StartP94ApplicationTests]
2016/09/11 15:03:14 DEBUG Instantiating CacheAwareContextLoaderDelegate from class [org.springframework.test.context.cache.DefaultCacheAwareContextLoaderDelegate]
2016/09/11 15:03:14 DEBUG Instantiating BootstrapContext using constructor [public org.springframework.test.context.support.DefaultBootstrapContext(java.lang.Class,org.springframework.test.context.CacheAwareContextLoaderDelegate)]
2016/09/11 15:03:14 DEBUG Instantiating TestContextBootstrapper for test class [newgroup.StartP94ApplicationTests] from class [org.springframework.test.context.web.WebTestContextBootstrapper]
2016/09/11 15:03:14 DEBUG Found explicit ContextLoader class [org.springframework.boot.test.SpringApplicationContextLoader] for context configuration attributes [ContextConfigurationAttributes@2b4a2ec7 declaringClass = 'newgroup.StartP94ApplicationTests', classes = '{class newgroup.StartP94Application}', locations = '{}', inheritLocations = true, initializers = '{}', inheritInitializers = true, name = [null], contextLoaderClass = 'org.springframework.boot.test.SpringApplicationContextLoader']
2016/09/11 15:03:14 DEBUG Did not detect default resource location for test class [newgroup.StartP94ApplicationTests]: class path resource [newgroup/StartP94ApplicationTests-context.xml] does not exist
2016/09/11 15:03:14 DEBUG Did not detect default resource location for test class [newgroup.StartP94ApplicationTests]: class path resource [newgroup/StartP94ApplicationTestsContext.groovy] does not exist
2016/09/11 15:03:14 INFO  Could not detect default resource locations for test class [newgroup.StartP94ApplicationTests]: no resource found for suffixes {-context.xml, Context.groovy}.
2016/09/11 15:03:14 DEBUG Could not find an 'annotation declaring class' for annotation type [org.springframework.test.context.ActiveProfiles] and class [newgroup.StartP94ApplicationTests]
2016/09/11 15:03:14 DEBUG @TestExecutionListeners is not present for class [newgroup.StartP94ApplicationTests]: using defaults.
2016/09/11 15:03:14 INFO  Loaded default TestExecutionListener class names from location [META-INF/spring.factories]: [org.springframework.boot.test.mock.mockito.MockitoTestExecutionListener, org.springframework.boot.test.mock.mockito.ResetMocksTestExecutionListener, org.springframework.boot.test.autoconfigure.AutoConfigureReportTestExecutionListener, org.springframework.boot.test.autoconfigure.restdocs.RestDocsTestExecutionListener, org.springframework.boot.test.autoconfigure.web.client.MockRestServiceServerResetTestExecutionListener, org.springframework.test.context.web.ServletTestExecutionListener, org.springframework.test.context.support.DirtiesContextBeforeModesTestExecutionListener, org.springframework.test.context.support.DependencyInjectionTestExecutionListener, org.springframework.test.context.support.DirtiesContextTestExecutionListener, org.springframework.test.context.transaction.TransactionalTestExecutionListener, org.springframework.test.context.jdbc.SqlScriptsTestExecutionListener]
2016/09/11 15:03:14 INFO  Using TestExecutionListeners: [org.springframework.test.context.web.ServletTestExecutionListener@55040f2f, org.springframework.test.context.support.DirtiesContextBeforeModesTestExecutionListener@64c87930, org.springframework.boot.test.autoconfigure.AutoConfigureReportTestExecutionListener@400cff1a, org.springframework.test.context.support.DependencyInjectionTestExecutionListener@275710fc, org.springframework.test.context.support.DirtiesContextTestExecutionListener@525f1e4e, org.springframework.test.context.transaction.TransactionalTestExecutionListener@75f9eccc, org.springframework.test.context.jdbc.SqlScriptsTestExecutionListener@52aa2946, org.springframework.boot.test.autoconfigure.web.client.MockRestServiceServerResetTestExecutionListener@4de5031f, org.springframework.boot.test.mock.mockito.MockitoTestExecutionListener@67e2d983, org.springframework.boot.test.mock.mockito.ResetMocksTestExecutionListener@5d47c63f, org.springframework.boot.test.autoconfigure.restdocs.RestDocsTestExecutionListener@5ea434c8]
2016/09/11 15:03:14 DEBUG Retrieved @ProfileValueSourceConfiguration [null] for test class [newgroup.StartP94ApplicationTests]
2016/09/11 15:03:14 DEBUG Retrieved ProfileValueSource type [class org.springframework.test.annotation.SystemProfileValueSource] for class [newgroup.StartP94ApplicationTests]
2016/09/11 15:03:14 DEBUG Retrieved @ProfileValueSourceConfiguration [null] for test class [newgroup.StartP94ApplicationTests]
2016/09/11 15:03:14 DEBUG Retrieved ProfileValueSource type [class org.springframework.test.annotation.SystemProfileValueSource] for class [newgroup.StartP94ApplicationTests]
2016/09/11 15:03:14 DEBUG Before test class: context [DefaultTestContext@534df152 testClass = StartP94ApplicationTests, testInstance = [null], testMethod = [null], testException = [null], mergedContextConfiguration = [WebMergedContextConfiguration@52e677af testClass = StartP94ApplicationTests, locations = '{}', classes = '{class newgroup.StartP94Application}', contextInitializerClasses = '[]', activeProfiles = '{}', propertySourceLocations = '{}', propertySourceProperties = '{}', contextCustomizers = set[org.springframework.boot.test.context.filter.ExcludeFilterContextCustomizer@5a4041cc, org.springframework.boot.test.mock.mockito.MockitoContextCustomizer@0, org.springframework.boot.test.autoconfigure.properties.PropertyMappingContextCustomizer@0, org.springframework.test.context.web.socket.MockServerContainerContextCustomizer@140e5a13], resourceBasePath = 'src/main/webapp', contextLoader = 'org.springframework.boot.test.SpringApplicationContextLoader', parent = [null]]], class annotated with @DirtiesContext [false] with mode [null].
2016/09/11 15:03:14 DEBUG Retrieved @ProfileValueSourceConfiguration [null] for test class [newgroup.StartP94ApplicationTests]
2016/09/11 15:03:14 DEBUG Retrieved ProfileValueSource type [class org.springframework.test.annotation.SystemProfileValueSource] for class [newgroup.StartP94ApplicationTests]
2016/09/11 15:03:14 DEBUG Adding [systemProperties] PropertySource with lowest search precedence
2016/09/11 15:03:14 DEBUG Adding [systemEnvironment] PropertySource with lowest search precedence
2016/09/11 15:03:14 DEBUG Initialized StandardEnvironment with PropertySources [systemProperties,systemEnvironment]
2016/09/11 15:03:14 DEBUG Adding [integrationTest] PropertySource with search precedence immediately lower than [systemEnvironment]
2016/09/11 15:03:14 DEBUG Application started with classpath: [file:/D:/GoogleDrive/myOriginalPrograms/SpringToolSuite/P258onLyNumberMySQL/target/surefire/surefirebooter7018816441728322188.jar]
2016/09/11 15:03:14 DEBUG Could not find key 'context.listener.classes' in any property source
2016/09/11 15:03:14 DEBUG Could not find key 'banner.image.location' in any property source
2016/09/11 15:03:14 DEBUG Could not find key 'banner.location' in any property source

  .   ____          _            __ _ _
 /\\ / ___'_ __ _ _(_)_ __  __ _ \ \ \ \
( ( )\___ | '_ | '_| | '_ \/ _` | \ \ \ \
 \\/  ___)| |_)| | | | | || (_| |  ) ) ) )
  '  |____| .__|_| |_|_| |_\__, | / / / /
 =========|_|==============|___/=/_/_/_/
 :: Spring Boot ::        (v1.4.0.RELEASE)

2016/09/11 15:03:14 DEBUG Could not find key 'context.initializer.classes' in any property source
2016/09/11 15:03:14 DEBUG Could not find key 'spring.config.name:application' in any property source
2016/09/11 15:03:14 DEBUG Could not find key 'spring.config.name' in any property source
2016/09/11 15:03:14 DEBUG Could not find key 'vcap.application.name:application' in any property source
2016/09/11 15:03:14 DEBUG Could not find key 'vcap.application.name' in any property source
2016/09/11 15:03:14 DEBUG Could not find key 'spring.application.name:application' in any property source
2016/09/11 15:03:14 DEBUG Could not find key 'spring.application.name' in any property source
2016/09/11 15:03:14 DEBUG Could not find key 'PORT:null' in any property source
2016/09/11 15:03:14 DEBUG Could not find key 'PORT' in any property source
2016/09/11 15:03:14 DEBUG Could not find key 'server.port:null' in any property source
2016/09/11 15:03:14 DEBUG Found key 'server.port' in [integrationTest] with type [String] and value '-1'
2016/09/11 15:03:14 DEBUG Could not find key 'spring.application.index:-1' in any property source
2016/09/11 15:03:14 DEBUG Could not find key 'spring.application.index' in any property source
2016/09/11 15:03:14 DEBUG Could not find key 'vcap.application.instance_index:-1' in any property source
2016/09/11 15:03:14 DEBUG Could not find key 'vcap.application.instance_index' in any property source
2016/09/11 15:03:14 DEBUG Could not find key 'spring.profiles.active' in any property source
2016/09/11 15:03:14 INFO  Starting StartP94ApplicationTests on main-pc with PID 11292 (started by ryusui_kuzuo in D:\GoogleDrive\myOriginalPrograms\SpringToolSuite\P258onLyNumberMySQL)
2016/09/11 15:03:14 DEBUG Running with Spring Boot v1.4.0.RELEASE, Spring v4.3.2.RELEASE
2016/09/11 15:03:14 DEBUG Could not find key 'spring.profiles.active' in any property source
2016/09/11 15:03:14 DEBUG Could not find key 'spring.profiles.default' in any property source
2016/09/11 15:03:14 INFO  No active profile set, falling back to default profiles: default
2016/09/11 15:03:14 DEBUG Loading source class newgroup.StartP94Application
2016/09/11 15:03:14 DEBUG JSR-250 'javax.annotation.ManagedBean' found and supported for component scanning
2016/09/11 15:03:14 DEBUG Logging Provider: org.jboss.logging.Slf4jLoggerProvider found via system property
2016/09/11 15:03:14 INFO  HV000001: Hibernate Validator 5.2.4.Final
2016/09/11 15:03:14 DEBUG Loaded config file 'file:/D:/GoogleDrive/myOriginalPrograms/SpringToolSuite/P258onLyNumberMySQL/target/classes/application.properties' (classpath:/application.properties)
2016/09/11 15:03:14 DEBUG Skipped (empty) config file 'file:/D:/GoogleDrive/myOriginalPrograms/SpringToolSuite/P258onLyNumberMySQL/target/classes/application.properties' (classpath:/application.properties) for profile default
2016/09/11 15:03:14 INFO  Refreshing org.springframework.web.context.support.GenericWebApplicationContext@645aa696: startup date [Sun Sep 11 15:03:14 GMT+09:00 2016]; root of context hierarchy
2016/09/11 15:03:14 DEBUG Bean factory for org.springframework.web.context.support.GenericWebApplicationContext@645aa696: org.springframework.beans.factory.support.DefaultListableBeanFactory@68b32e3e: defining beans [org.springframework.context.annotation.internalConfigurationAnnotationProcessor,org.springframework.context.annotation.internalAutowiredAnnotationProcessor,org.springframework.context.annotation.internalRequiredAnnotationProcessor,org.springframework.context.annotation.internalCommonAnnotationProcessor,org.springframework.context.annotation.internalPersistenceAnnotationProcessor,org.springframework.context.event.internalEventListenerProcessor,org.springframework.context.event.internalEventListenerFactory,startP94Application]; root of factory hierarchy
2016/09/11 15:03:14 DEBUG Found javax.persistence.Persistence on classpath containing 'getPersistenceUtil'. Assuming JPA 2 environment. Trying to instantiate JPA aware TraversableResolver
2016/09/11 15:03:14 DEBUG Instantiated JPA aware TraversableResolver of type org.hibernate.validator.internal.engine.resolver.JPATraversableResolver.
2016/09/11 15:03:14 DEBUG Registering scope 'request' with implementation [org.springframework.web.context.request.RequestScope@3e7dd664]
2016/09/11 15:03:14 DEBUG Registering scope 'session' with implementation [org.springframework.web.context.request.SessionScope@4b1d6571]
2016/09/11 15:03:14 DEBUG Registering scope 'globalSession' with implementation [org.springframework.web.context.request.SessionScope@1b835480]
2016/09/11 15:03:14 DEBUG Registering scope 'application' with implementation [org.springframework.web.context.support.ServletContextScope@6fb365ed]
2016/09/11 15:03:14 DEBUG Creating shared instance of singleton bean 'org.springframework.context.annotation.internalConfigurationAnnotationProcessor'
2016/09/11 15:03:14 DEBUG Creating instance of bean 'org.springframework.context.annotation.internalConfigurationAnnotationProcessor'
2016/09/11 15:03:14 DEBUG Eagerly caching bean 'org.springframework.context.annotation.internalConfigurationAnnotationProcessor' to allow for resolving potential circular references
2016/09/11 15:03:14 DEBUG Creating shared instance of singleton bean 'org.springframework.boot.autoconfigure.internalCachingMetadataReaderFactory'
2016/09/11 15:03:14 DEBUG Creating instance of bean 'org.springframework.boot.autoconfigure.internalCachingMetadataReaderFactory'
2016/09/11 15:03:14 DEBUG Eagerly caching bean 'org.springframework.boot.autoconfigure.internalCachingMetadataReaderFactory' to allow for resolving potential circular references
2016/09/11 15:03:14 DEBUG Finished creating instance of bean 'org.springframework.boot.autoconfigure.internalCachingMetadataReaderFactory'
2016/09/11 15:03:14 DEBUG Finished creating instance of bean 'org.springframework.context.annotation.internalConfigurationAnnotationProcessor'
2016/09/11 15:03:15 DEBUG Adding [systemProperties] PropertySource with lowest search precedence
2016/09/11 15:03:15 DEBUG Adding [systemEnvironment] PropertySource with lowest search precedence
2016/09/11 15:03:15 DEBUG Initialized StandardEnvironment with PropertySources [systemProperties,systemEnvironment]
2016/09/11 15:03:15 DEBUG JSR-250 'javax.annotation.ManagedBean' found and supported for component scanning
2016/09/11 15:03:15 DEBUG Resolved classpath location [newgroup/] to resources [URL [file:/D:/GoogleDrive/myOriginalPrograms/SpringToolSuite/P258onLyNumberMySQL/target/test-classes/newgroup/], URL [file:/D:/GoogleDrive/myOriginalPrograms/SpringToolSuite/P258onLyNumberMySQL/target/classes/newgroup/]]
2016/09/11 15:03:15 DEBUG Looking for matching resources in directory tree [D:\GoogleDrive\myOriginalPrograms\SpringToolSuite\P258onLyNumberMySQL\target\test-classes\newgroup]
2016/09/11 15:03:15 DEBUG Searching directory [D:\GoogleDrive\myOriginalPrograms\SpringToolSuite\P258onLyNumberMySQL\target\test-classes\newgroup] for files matching pattern [D:/GoogleDrive/myOriginalPrograms/SpringToolSuite/P258onLyNumberMySQL/target/test-classes/newgroup/**/*.class]
2016/09/11 15:03:15 DEBUG Looking for matching resources in directory tree [D:\GoogleDrive\myOriginalPrograms\SpringToolSuite\P258onLyNumberMySQL\target\classes\newgroup]
2016/09/11 15:03:15 DEBUG Searching directory [D:\GoogleDrive\myOriginalPrograms\SpringToolSuite\P258onLyNumberMySQL\target\classes\newgroup] for files matching pattern [D:/GoogleDrive/myOriginalPrograms/SpringToolSuite/P258onLyNumberMySQL/target/classes/newgroup/**/*.class]
2016/09/11 15:03:15 DEBUG Searching directory [D:\GoogleDrive\myOriginalPrograms\SpringToolSuite\P258onLyNumberMySQL\target\classes\newgroup\repository] for files matching pattern [D:/GoogleDrive/myOriginalPrograms/SpringToolSuite/P258onLyNumberMySQL/target/classes/newgroup/**/*.class]
2016/09/11 15:03:15 DEBUG Resolved location pattern [classpath*:newgroup/**/*.class] to resources [file [D:\GoogleDrive\myOriginalPrograms\SpringToolSuite\P258onLyNumberMySQL\target\test-classes\newgroup\StartP94ApplicationTests.class], file [D:\GoogleDrive\myOriginalPrograms\SpringToolSuite\P258onLyNumberMySQL\target\classes\newgroup\ErrorPages$1.class], file [D:\GoogleDrive\myOriginalPrograms\SpringToolSuite\P258onLyNumberMySQL\target\classes\newgroup\ErrorPages$ErrorMove.class], file [D:\GoogleDrive\myOriginalPrograms\SpringToolSuite\P258onLyNumberMySQL\target\classes\newgroup\ErrorPages.class], file [D:\GoogleDrive\myOriginalPrograms\SpringToolSuite\P258onLyNumberMySQL\target\classes\newgroup\HeloController.class], file [D:\GoogleDrive\myOriginalPrograms\SpringToolSuite\P258onLyNumberMySQL\target\classes\newgroup\repository\MyDataRepository.class], file [D:\GoogleDrive\myOriginalPrograms\SpringToolSuite\P258onLyNumberMySQL\target\classes\newgroup\StartP94Application.class]]
2016/09/11 15:03:15 DEBUG Identified candidate component class: file [D:\GoogleDrive\myOriginalPrograms\SpringToolSuite\P258onLyNumberMySQL\target\classes\newgroup\HeloController.class]
2016/09/11 15:03:15 DEBUG Ignored because not a concrete top-level class: file [D:\GoogleDrive\myOriginalPrograms\SpringToolSuite\P258onLyNumberMySQL\target\classes\newgroup\repository\MyDataRepository.class]
2016/09/11 15:03:15 DEBUG Could not find key 'spring.boot.enableautoconfiguration' in any property source
2016/09/11 15:03:15 DEBUG Found key 'java.runtime.name' in [systemProperties] with type [String] and value 'Java(TM) SE Runtime Environment'
2016/09/11 15:03:15 DEBUG Found key 'sun.boot.library.path' in [systemProperties] with type [String] and value 'D:\elsesoftware\pleiades-e4.6-java-jre_20160622\pleiades\java\8\jre\bin'
2016/09/11 15:03:15 DEBUG Found key 'java.vm.version' in [systemProperties] with type [String] and value '25.92-b14'
2016/09/11 15:03:15 DEBUG Found key 'java.vm.vendor' in [systemProperties] with type [String] and value 'Oracle Corporation'
2016/09/11 15:03:15 DEBUG Found key 'java.vendor.url' in [systemProperties] with type [String] and value 'http://java.oracle.com/'
2016/09/11 15:03:15 DEBUG Found key 'path.separator' in [systemProperties] with type [String] and value ';'
2016/09/11 15:03:15 DEBUG Found key 'java.vm.name' in [systemProperties] with type [String] and value 'Java HotSpot(TM) 64-Bit Server VM'
2016/09/11 15:03:15 DEBUG Found key 'file.encoding.pkg' in [systemProperties] with type [String] and value 'sun.io'
2016/09/11 15:03:15 DEBUG Found key 'user.country' in [systemProperties] with type [String] and value 'JP'
2016/09/11 15:03:15 DEBUG Found key 'user.script' in [systemProperties] with type [String] and value ''
2016/09/11 15:03:15 DEBUG Found key 'sun.java.launcher' in [systemProperties] with type [String] and value 'SUN_STANDARD'
2016/09/11 15:03:15 DEBUG Found key 'sun.os.patch.level' in [systemProperties] with type [String] and value ''
2016/09/11 15:03:15 DEBUG Found key 'PID' in [systemProperties] with type [String] and value '11292'
2016/09/11 15:03:15 DEBUG Found key 'java.vm.specification.name' in [systemProperties] with type [String] and value 'Java Virtual Machine Specification'
2016/09/11 15:03:15 DEBUG Found key 'user.dir' in [systemProperties] with type [String] and value 'D:\GoogleDrive\myOriginalPrograms\SpringToolSuite\P258onLyNumberMySQL'
2016/09/11 15:03:15 DEBUG Found key 'java.runtime.version' in [systemProperties] with type [String] and value '1.8.0_92-b14'
2016/09/11 15:03:15 DEBUG Found key 'basedir' in [systemProperties] with type [String] and value 'D:\GoogleDrive\myOriginalPrograms\SpringToolSuite\P258onLyNumberMySQL'
2016/09/11 15:03:15 DEBUG Found key 'java.awt.graphicsenv' in [systemProperties] with type [String] and value 'sun.awt.Win32GraphicsEnvironment'
2016/09/11 15:03:15 DEBUG Found key 'org.jboss.logging.provider' in [systemProperties] with type [String] and value 'slf4j'
2016/09/11 15:03:15 DEBUG Found key 'java.endorsed.dirs' in [systemProperties] with type [String] and value 'D:\elsesoftware\pleiades-e4.6-java-jre_20160622\pleiades\java\8\jre\lib\endorsed'
2016/09/11 15:03:15 DEBUG Found key 'os.arch' in [systemProperties] with type [String] and value 'amd64'
2016/09/11 15:03:15 DEBUG Found key 'surefire.real.class.path' in [systemProperties] with type [String] and value 'D:\GoogleDrive\myOriginalPrograms\SpringToolSuite\P258onLyNumberMySQL\target\surefire\surefirebooter7018816441728322188.jar'
2016/09/11 15:03:15 DEBUG Found key 'java.io.tmpdir' in [systemProperties] with type [String] and value 'C:\Users\RYUSUI~1\AppData\Local\Temp\'
2016/09/11 15:03:15 DEBUG Found key 'line.separator' in [systemProperties] with type [String] and value '
'
2016/09/11 15:03:15 DEBUG Found key 'java.vm.specification.vendor' in [systemProperties] with type [String] and value 'Oracle Corporation'
2016/09/11 15:03:15 DEBUG Found key 'user.variant' in [systemProperties] with type [String] and value ''
2016/09/11 15:03:15 DEBUG Found key 'os.name' in [systemProperties] with type [String] and value 'Windows 10'
2016/09/11 15:03:15 DEBUG Found key 'sun.jnu.encoding' in [systemProperties] with type [String] and value 'MS932'
2016/09/11 15:03:15 DEBUG Found key 'spring.beaninfo.ignore' in [systemProperties] with type [String] and value 'true'
2016/09/11 15:03:15 DEBUG Found key 'java.library.path' in [systemProperties] with type [String] and value 'D:\elsesoftware\pleiades-e4.6-java-jre_20160622\pleiades\java\8\jre\bin;C:\WINDOWS\Sun\Java\bin;C:\WINDOWS\system32;C:\WINDOWS;D:/elsesoftware/pleiades-e4.6-java-jre_20160622/pleiades/eclipse/jre/bin/../jre/bin/server;D:/elsesoftware/pleiades-e4.6-java-jre_20160622/pleiades/eclipse/jre/bin/../jre/bin;D:/elsesoftware/pleiades-e4.6-java-jre_20160622/pleiades/eclipse/jre/bin/../jre/lib/amd64;C:\ProgramData\Oracle\Java\javapath;C:\Program Files (x86)\NVIDIA Corporation\PhysX\Common;D:\android emu\android-sdk-windows\toolsTK2-Runtime\bin;C:\Program Files\Microsoft\Web Platform Installer\;C:\Program Files (x86)\Windows Kits\8.1\Windows Performance Toolkit\;C:\Program Files\Microsoft SQL Server\110\Tools\Binn\;C:\Program Files (x86)\Microsoft SDKs\TypeScript\1.0\;D:\gtk-runtime\GTK2-Runtime\bin;D:\QuickTime\QTSystem\;C:\Program Files (x86)\AMD\ATI.ACE\Core-Static;C:\WINDOWS\system32;C:\WINDOWS;C:\WINDOWS\System32\Wbem;C:\WINDOWS\System32\WindowsPowerShell\v1.0\;D:\elsesoftware\MySQL\bin;D:\GoogleDrive\myOriginalPrograms\spring-1.4.0.BUILD-SNAPSHOT\bin;D:\GoogleDrive\myOriginalPrograms\apache-maven-3.3.9\bin;C:\Program Files\Java\jdk1.8.0_91\bin;D:\elsesoftware\Microsoft VS Code\bin;D:\elsesoftware\pleiades-e4.6-java-jre_20160622\pleiades\eclipse;;.'
2016/09/11 15:03:15 DEBUG Found key 'surefire.test.class.path' in [systemProperties] with type [String] and value 'D:\GoogleDrive\myOriginalPrograms\SpringToolSuite\P258onLyNumberMySQL\target\test-classes;D:\GoogleDrive\myOriginalPrograms\SpringToolSuite\P258onLyNumberMySQL\target\classes;C:\Users\ryusui_kuzuo\.m2\repository\org\springframework\boot\spring-boot-starter-web\1.4.0.RELEASE\spring-boot-starter-web-1.4.0.RELEASE.jar;C:\Users\ryusui_kuzuo\.m2\repository\org\springframework\boot\spring-boot-starter\1.4.0.RELEASE\spring-boot-starter-1.4.0.RELEASE.jar;C:\Users\ryusui_kuzuo\.m2\repository\org\springframework\boot\spring-boot\1.4.0.RELEASE\spring-boot-1.4.0.RELEASE.jar;C:\Users\ryusui_kuzuo\.m2\repository\org\springframework\boot\spring-boot-autoconfigure\1.4.0.RELEASE\spring-boot-autoconfigure-1.4.0.RELEASE.jar;C:\Users\ryusui_kuzuo\.m2\repository\org\springframework\boot\spring-boot-starter-logging\1.4.0.RELEASE\spring-boot-starter-logging-1.4.0.RELEASE.jar;C:\Users\ryusui_kuzuo\.m2\repository\ch\qos\logback\logback-classic\1.1.7\logback-classic-1.1.7.jar;C:\Users\ryusui_kuzuo\.m2\repository\ch\qos\logback\logback-core\1.1.7\logback-core-1.1.7.jar;C:\Users\ryusui_kuzuo\.m2\repository\org\slf4j\jul-to-slf4j\1.7.21\jul-to-slf4j-1.7.21.jar;C:\Users\ryusui_kuzuo\.m2\repository\org\slf4j\log4j-over-slf4j\1.7.21\log4j-over-slf4j-1.7.21.jar;C:\Users\ryusui_kuzuo\.m2\repository\org\yaml\snakeyaml\1.17\snakeyaml-1.17.jar;C:\Users\ryusui_kuzuo\.m2\repository\org\springframework\boot\spring-boot-starter-tomcat\1.4.0.RELEASE\spring-boot-starter-tomcat-1.4.0.RELEASE.jar;C:\Users\ryusui_kuzuo\.m2\repository\org\apache\tomcat\embed\tomcat-embed-core\8.5.4\tomcat-embed-core-8.5.4.jar;C:\Users\ryusui_kuzuo\.m2\repository\org\apache\tomcat\embed\tomcat-embed-el\8.5.4\tomcat-embed-el-8.5.4.jar;C:\Users\ryusui_kuzuo\.m2\repository\org\apache\tomcat\embed\tomcat-embed-websocket\8.5.4\tomcat-embed-websocket-8.5.4.jar;C:\Users\ryusui_kuzuo\.m2\repository\org\hibernate\hibernate-validator\5.2.4.Final\hibernate-validator-5.2.4.Final.jar;C:\Users\ryusui_kuzuo\.m2\repository\javax\validation\validation-api\1.1.0.Final\validation-api-1.1.0.Final.jar;C:\Users\ryusui_kuzuo\.m2\repository\org\jboss\logging\jboss-logging\3.3.0.Final\jboss-logging-3.3.0.Final.jar;C:\Users\ryusui_kuzuo\.m2\repository\com\fasterxml\classmate\1.3.1\classmate-1.3.1.jar;C:\Users\ryusui_kuzuo\.m2\repository\com\fasterxml\jackson\core\jackson-databind\2.8.1\jackson-databind-2.8.1.jar;C:\Users\ryusui_kuzuo\.m2\repository\com\fasterxml\jackson\core\jackson-annotations\2.8.1\jackson-annotations-2.8.1.jar;C:\Users\ryusui_kuzuo\.m2\repository\com\fasterxml\jackson\core\jackson-core\2.8.1\jackson-core-2.8.1.jar;C:\Users\ryusui_kuzuo\.m2\repository\org\springframework\spring-web\4.3.2.RELEASE\spring-web-4.3.2.RELEASE.jar;C:\Users\ryusui_kuzuo\.m2\repository\org\springframework\spring-aop\4.3.2.RELEASE\spring-aop-4.3.2.RELEASE.jar;C:\Users\ryusui_kuzuo\.m2\repository\org\springframework\spring-beans\4.3.2.RELEASE\spring-beans-4.3.2.RELEASE.jar;C:\Users\ryusui_kuzuo\.m2\repository\org\springframework\spring-context\4.3.2.RELEASE\spring-context-4.3.2.RELEASE.jar;C:\Users\ryusui_kuzuo\.m2\repository\org\springframework\spring-webmvc\4.3.2.RELEASE\spring-webmvc-4.3.2.RELEASE.jar;C:\Users\ryusui_kuzuo\.m2\repository\org\springframework\spring-expression\4.3.2.RELEASE\spring-expression-4.3.2.RELEASE.jar;C:\Users\ryusui_kuzuo\.m2\repository\org\springframework\boot\spring-boot-starter-test\1.4.0.RELEASE\spring-boot-starter-test-1.4.0.RELEASE.jar;C:\Users\ryusui_kuzuo\.m2\repository\org\springframework\boot\spring-boot-test\1.4.0.RELEASE\spring-boot-test-1.4.0.RELEASE.jar;C:\Users\ryusui_kuzuo\.m2\repository\org\springframework\boot\spring-boot-test-autoconfigure\1.4.0.RELEASE\spring-boot-test-autoconfigure-1.4.0.RELEASE.jar;C:\Users\ryusui_kuzuo\.m2\repository\com\jayway\jsonpath\json-path\2.2.0\json-path-2.2.0.jar;C:\Users\ryusui_kuzuo\.m2\repository\net\minidev\json-smart\2.2.1\json-smart-2.2.1.jar;C:\Users\ryusui_kuzuo\.m2\repository\net\minidev\accessors-smart\1.1\accessors-smart-1.1.jar;C:\Users\ryusui_kuzuo\.m2\repository\org\ow2\asm\asm\5.0.3\asm-5.0.3.jar;C:\Users\ryusui_kuzuo\.m2\repository\org\slf4j\slf4j-api\1.7.21\slf4j-api-1.7.21.jar;C:\Users\ryusui_kuzuo\.m2\repository\org\assertj\assertj-core\2.5.0\assertj-core-2.5.0.jar;C:\Users\ryusui_kuzuo\.m2\repository\org\mockito\mockito-core\1.10.19\mockito-core-1.10.19.jar;C:\Users\ryusui_kuzuo\.m2\repository\org\objenesis\objenesis\2.1\objenesis-2.1.jar;C:\Users\ryusui_kuzuo\.m2\repository\org\hamcrest\hamcrest-core\1.3\hamcrest-core-1.3.jar;C:\Users\ryusui_kuzuo\.m2\repository\org\hamcrest\hamcrest-library\1.3\hamcrest-library-1.3.jar;C:\Users\ryusui_kuzuo\.m2\repository\org\skyscreamer\jsonassert\1.3.0\jsonassert-1.3.0.jar;C:\Users\ryusui_kuzuo\.m2\repository\org\json\json\20140107\json-20140107.jar;C:\Users\ryusui_kuzuo\.m2\repository\org\springframework\spring-core\4.3.2.RELEASE\spring-core-4.3.2.RELEASE.jar;C:\Users\ryusui_kuzuo\.m2\repository\org\springframework\spring-test\4.3.2.RELEASE\spring-test-4.3.2.RELEASE.jar;C:\Users\ryusui_kuzuo\.m2\repository\org\springframework\boot\spring-boot-starter-thymeleaf\1.4.0.RELEASE\spring-boot-starter-thymeleaf-1.4.0.RELEASE.jar;C:\Users\ryusui_kuzuo\.m2\repository\org\thymeleaf\thymeleaf-spring4\2.1.5.RELEASE\thymeleaf-spring4-2.1.5.RELEASE.jar;C:\Users\ryusui_kuzuo\.m2\repository\org\thymeleaf\thymeleaf\2.1.5.RELEASE\thymeleaf-2.1.5.RELEASE.jar;C:\Users\ryusui_kuzuo\.m2\repository\ognl\ognl\3.0.8\ognl-3.0.8.jar;C:\Users\ryusui_kuzuo\.m2\repository\org\unbescape\unbescape\1.1.0.RELEASE\unbescape-1.1.0.RELEASE.jar;C:\Users\ryusui_kuzuo\.m2\repository\nz\net\ultraq\thymeleaf\thymeleaf-layout-dialect\1.4.0\thymeleaf-layout-dialect-1.4.0.jar;C:\Users\ryusui_kuzuo\.m2\repository\org\codehaus\groovy\groovy\2.4.7\groovy-2.4.7.jar;C:\Users\ryusui_kuzuo\.m2\repository\org\springframework\boot\spring-boot-starter-data-jpa\1.4.0.RELEASE\spring-boot-starter-data-jpa-1.4.0.RELEASE.jar;C:\Users\ryusui_kuzuo\.m2\repository\org\springframework\boot\spring-boot-starter-aop\1.4.0.RELEASE\spring-boot-starter-aop-1.4.0.RELEASE.jar;C:\Users\ryusui_kuzuo\.m2\repository\org\aspectj\aspectjweaver\1.8.9\aspectjweaver-1.8.9.jar;C:\Users\ryusui_kuzuo\.m2\repository\org\springframework\boot\spring-boot-starter-jdbc\1.4.0.RELEASE\spring-boot-starter-jdbc-1.4.0.RELEASE.jar;C:\Users\ryusui_kuzuo\.m2\repository\org\apache\tomcat\tomcat-jdbc\8.5.4\tomcat-jdbc-8.5.4.jar;C:\Users\ryusui_kuzuo\.m2\repository\org\apache\tomcat\tomcat-juli\8.5.4\tomcat-juli-8.5.4.jar;C:\Users\ryusui_kuzuo\.m2\repository\org\springframework\spring-jdbc\4.3.2.RELEASE\spring-jdbc-4.3.2.RELEASE.jar;C:\Users\ryusui_kuzuo\.m2\repository\org\hibernate\hibernate-core\5.0.9.Final\hibernate-core-5.0.9.Final.jar;C:\Users\ryusui_kuzuo\.m2\repository\org\hibernate\javax\persistence\hibernate-jpa-2.1-api\1.0.0.Final\hibernate-jpa-2.1-api-1.0.0.Final.jar;C:\Users\ryusui_kuzuo\.m2\repository\org\javassist\javassist\3.20.0-GA\javassist-3.20.0-GA.jar;C:\Users\ryusui_kuzuo\.m2\repository\antlr\antlr\2.7.7\antlr-2.7.7.jar;C:\Users\ryusui_kuzuo\.m2\repository\org\jboss\jandex\2.0.0.Final\jandex-2.0.0.Final.jar;C:\Users\ryusui_kuzuo\.m2\repository\dom4j\dom4j\1.6.1\dom4j-1.6.1.jar;C:\Users\ryusui_kuzuo\.m2\repository\xml-apis\xml-apis\1.4.01\xml-apis-1.4.01.jar;C:\Users\ryusui_kuzuo\.m2\repository\org\hibernate\common\hibernate-commons-annotations\5.0.1.Final\hibernate-commons-annotations-5.0.1.Final.jar;C:\Users\ryusui_kuzuo\.m2\repository\org\hibernate\hibernate-entitymanager\5.0.9.Final\hibernate-entitymanager-5.0.9.Final.jar;C:\Users\ryusui_kuzuo\.m2\repository\javax\transaction\javax.transaction-api\1.2\javax.transaction-api-1.2.jar;C:\Users\ryusui_kuzuo\.m2\repository\org\springframework\data\spring-data-jpa\1.10.2.RELEASE\spring-data-jpa-1.10.2.RELEASE.jar;C:\Users\ryusui_kuzuo\.m2\repository\org\springframework\data\spring-data-commons\1.12.2.RELEASE\spring-data-commons-1.12.2.RELEASE.jar;C:\Users\ryusui_kuzuo\.m2\repository\org\springframework\spring-orm\4.3.2.RELEASE\spring-orm-4.3.2.RELEASE.jar;C:\Users\ryusui_kuzuo\.m2\repository\org\springframework\spring-tx\4.3.2.RELEASE\spring-tx-4.3.2.RELEASE.jar;C:\Users\ryusui_kuzuo\.m2\repository\org\slf4j\jcl-over-slf4j\1.7.21\jcl-over-slf4j-1.7.21.jar;C:\Users\ryusui_kuzuo\.m2\repository\org\springframework\spring-aspects\4.3.2.RELEASE\spring-aspects-4.3.2.RELEASE.jar;C:\Users\ryusui_kuzuo\.m2\repository\junit\junit\4.12\junit-4.12.jar;C:\Users\ryusui_kuzuo\.m2\repository\org\projectlombok\lombok\1.16.10\lombok-1.16.10.jar;C:\Users\ryusui_kuzuo\.m2\repository\mysql\mysql-connector-java\5.1.39\mysql-connector-java-5.1.39.jar;'
2016/09/11 15:03:15 DEBUG Found key 'java.specification.name' in [systemProperties] with type [String] and value 'Java Platform API Specification'
2016/09/11 15:03:15 DEBUG Found key 'java.class.version' in [systemProperties] with type [String] and value '52.0'
2016/09/11 15:03:15 DEBUG Found key 'sun.management.compiler' in [systemProperties] with type [String] and value 'HotSpot 64-Bit Tiered Compilers'
2016/09/11 15:03:15 DEBUG Found key 'os.version' in [systemProperties] with type [String] and value '10.0'
2016/09/11 15:03:15 DEBUG Found key 'user.home' in [systemProperties] with type [String] and value 'C:\Users\ryusui_kuzuo'
2016/09/11 15:03:15 DEBUG Found key 'user.timezone' in [systemProperties] with type [String] and value 'GMT+09:00'
2016/09/11 15:03:15 DEBUG Found key 'java.awt.printerjob' in [systemProperties] with type [String] and value 'sun.awt.windows.WPrinterJob'
2016/09/11 15:03:15 DEBUG Found key 'file.encoding' in [systemProperties] with type [String] and value 'MS932'
2016/09/11 15:03:15 DEBUG Found key 'java.specification.version' in [systemProperties] with type [String] and value '1.8'
2016/09/11 15:03:15 DEBUG Found key 'java.class.path' in [systemProperties] with type [String] and value 'D:\GoogleDrive\myOriginalPrograms\SpringToolSuite\P258onLyNumberMySQL\target\test-classes;D:\GoogleDrive\myOriginalPrograms\SpringToolSuite\P258onLyNumberMySQL\target\classes;C:\Users\ryusui_kuzuo\.m2\repository\org\springframework\boot\spring-boot-starter-web\1.4.0.RELEASE\spring-boot-starter-web-1.4.0.RELEASE.jar;C:\Users\ryusui_kuzuo\.m2\repository\org\springframework\boot\spring-boot-starter\1.4.0.RELEASE\spring-boot-starter-1.4.0.RELEASE.jar;C:\Users\ryusui_kuzuo\.m2\repository\org\springframework\boot\spring-boot\1.4.0.RELEASE\spring-boot-1.4.0.RELEASE.jar;C:\Users\ryusui_kuzuo\.m2\repository\org\springframework\boot\spring-boot-autoconfigure\1.4.0.RELEASE\spring-boot-autoconfigure-1.4.0.RELEASE.jar;C:\Users\ryusui_kuzuo\.m2\repository\org\springframework\boot\spring-boot-starter-logging\1.4.0.RELEASE\spring-boot-starter-logging-1.4.0.RELEASE.jar;C:\Users\ryusui_kuzuo\.m2\repository\ch\qos\logback\logback-classic\1.1.7\logback-classic-1.1.7.jar;C:\Users\ryusui_kuzuo\.m2\repository\ch\qos\logback\logback-core\1.1.7\logback-core-1.1.7.jar;C:\Users\ryusui_kuzuo\.m2\repository\org\slf4j\jul-to-slf4j\1.7.21\jul-to-slf4j-1.7.21.jar;C:\Users\ryusui_kuzuo\.m2\repository\org\slf4j\log4j-over-slf4j\1.7.21\log4j-over-slf4j-1.7.21.jar;C:\Users\ryusui_kuzuo\.m2\repository\org\yaml\snakeyaml\1.17\snakeyaml-1.17.jar;C:\Users\ryusui_kuzuo\.m2\repository\org\springframework\boot\spring-boot-starter-tomcat\1.4.0.RELEASE\spring-boot-starter-tomcat-1.4.0.RELEASE.jar;C:\Users\ryusui_kuzuo\.m2\repository\org\apache\tomcat\embed\tomcat-embed-core\8.5.4\tomcat-embed-core-8.5.4.jar;C:\Users\ryusui_kuzuo\.m2\repository\org\apache\tomcat\embed\tomcat-embed-el\8.5.4\tomcat-embed-el-8.5.4.jar;C:\Users\ryusui_kuzuo\.m2\repository\org\apache\tomcat\embed\tomcat-embed-websocket\8.5.4\tomcat-embed-websocket-8.5.4.jar;C:\Users\ryusui_kuzuo\.m2\repository\org\hibernate\hibernate-validator\5.2.4.Final\hibernate-validator-5.2.4.Final.jar;C:\Users\ryusui_kuzuo\.m2\repository\javax\validation\validation-api\1.1.0.Final\validation-api-1.1.0.Final.jar;C:\Users\ryusui_kuzuo\.m2\repository\org\jboss\logging\jboss-logging\3.3.0.Final\jboss-logging-3.3.0.Final.jar;C:\Users\ryusui_kuzuo\.m2\repository\com\fasterxml\classmate\1.3.1\classmate-1.3.1.jar;C:\Users\ryusui_kuzuo\.m2\repository\com\fasterxml\jackson\core\jackson-databind\2.8.1\jackson-databind-2.8.1.jar;C:\Users\ryusui_kuzuo\.m2\repository\com\fasterxml\jackson\core\jackson-annotations\2.8.1\jackson-annotations-2.8.1.jar;C:\Users\ryusui_kuzuo\.m2\repository\com\fasterxml\jackson\core\jackson-core\2.8.1\jackson-core-2.8.1.jar;C:\Users\ryusui_kuzuo\.m2\repository\org\springframework\spring-web\4.3.2.RELEASE\spring-web-4.3.2.RELEASE.jar;C:\Users\ryusui_kuzuo\.m2\repository\org\springframework\spring-aop\4.3.2.RELEASE\spring-aop-4.3.2.RELEASE.jar;C:\Users\ryusui_kuzuo\.m2\repository\org\springframework\spring-beans\4.3.2.RELEASE\spring-beans-4.3.2.RELEASE.jar;C:\Users\ryusui_kuzuo\.m2\repository\org\springframework\spring-context\4.3.2.RELEASE\spring-context-4.3.2.RELEASE.jar;C:\Users\ryusui_kuzuo\.m2\repository\org\springframework\spring-webmvc\4.3.2.RELEASE\spring-webmvc-4.3.2.RELEASE.jar;C:\Users\ryusui_kuzuo\.m2\repository\org\springframework\spring-expression\4.3.2.RELEASE\spring-expression-4.3.2.RELEASE.jar;C:\Users\ryusui_kuzuo\.m2\repository\org\springframework\boot\spring-boot-starter-test\1.4.0.RELEASE\spring-boot-starter-test-1.4.0.RELEASE.jar;C:\Users\ryusui_kuzuo\.m2\repository\org\springframework\boot\spring-boot-test\1.4.0.RELEASE\spring-boot-test-1.4.0.RELEASE.jar;C:\Users\ryusui_kuzuo\.m2\repository\org\springframework\boot\spring-boot-test-autoconfigure\1.4.0.RELEASE\spring-boot-test-autoconfigure-1.4.0.RELEASE.jar;C:\Users\ryusui_kuzuo\.m2\repository\com\jayway\jsonpath\json-path\2.2.0\json-path-2.2.0.jar;C:\Users\ryusui_kuzuo\.m2\repository\net\minidev\json-smart\2.2.1\json-smart-2.2.1.jar;C:\Users\ryusui_kuzuo\.m2\repository\net\minidev\accessors-smart\1.1\accessors-smart-1.1.jar;C:\Users\ryusui_kuzuo\.m2\repository\org\ow2\asm\asm\5.0.3\asm-5.0.3.jar;C:\Users\ryusui_kuzuo\.m2\repository\org\slf4j\slf4j-api\1.7.21\slf4j-api-1.7.21.jar;C:\Users\ryusui_kuzuo\.m2\repository\org\assertj\assertj-core\2.5.0\assertj-core-2.5.0.jar;C:\Users\ryusui_kuzuo\.m2\repository\org\mockito\mockito-core\1.10.19\mockito-core-1.10.19.jar;C:\Users\ryusui_kuzuo\.m2\repository\org\objenesis\objenesis\2.1\objenesis-2.1.jar;C:\Users\ryusui_kuzuo\.m2\repository\org\hamcrest\hamcrest-core\1.3\hamcrest-core-1.3.jar;C:\Users\ryusui_kuzuo\.m2\repository\org\hamcrest\hamcrest-library\1.3\hamcrest-library-1.3.jar;C:\Users\ryusui_kuzuo\.m2\repository\org\skyscreamer\jsonassert\1.3.0\jsonassert-1.3.0.jar;C:\Users\ryusui_kuzuo\.m2\repository\org\json\json\20140107\json-20140107.jar;C:\Users\ryusui_kuzuo\.m2\repository\org\springframework\spring-core\4.3.2.RELEASE\spring-core-4.3.2.RELEASE.jar;C:\Users\ryusui_kuzuo\.m2\repository\org\springframework\spring-test\4.3.2.RELEASE\spring-test-4.3.2.RELEASE.jar;C:\Users\ryusui_kuzuo\.m2\repository\org\springframework\boot\spring-boot-starter-thymeleaf\1.4.0.RELEASE\spring-boot-starter-thymeleaf-1.4.0.RELEASE.jar;C:\Users\ryusui_kuzuo\.m2\repository\org\thymeleaf\thymeleaf-spring4\2.1.5.RELEASE\thymeleaf-spring4-2.1.5.RELEASE.jar;C:\Users\ryusui_kuzuo\.m2\repository\org\thymeleaf\thymeleaf\2.1.5.RELEASE\thymeleaf-2.1.5.RELEASE.jar;C:\Users\ryusui_kuzuo\.m2\repository\ognl\ognl\3.0.8\ognl-3.0.8.jar;C:\Users\ryusui_kuzuo\.m2\repository\org\unbescape\unbescape\1.1.0.RELEASE\unbescape-1.1.0.RELEASE.jar;C:\Users\ryusui_kuzuo\.m2\repository\nz\net\ultraq\thymeleaf\thymeleaf-layout-dialect\1.4.0\thymeleaf-layout-dialect-1.4.0.jar;C:\Users\ryusui_kuzuo\.m2\repository\org\codehaus\groovy\groovy\2.4.7\groovy-2.4.7.jar;C:\Users\ryusui_kuzuo\.m2\repository\org\springframework\boot\spring-boot-starter-data-jpa\1.4.0.RELEASE\spring-boot-starter-data-jpa-1.4.0.RELEASE.jar;C:\Users\ryusui_kuzuo\.m2\repository\org\springframework\boot\spring-boot-starter-aop\1.4.0.RELEASE\spring-boot-starter-aop-1.4.0.RELEASE.jar;C:\Users\ryusui_kuzuo\.m2\repository\org\aspectj\aspectjweaver\1.8.9\aspectjweaver-1.8.9.jar;C:\Users\ryusui_kuzuo\.m2\repository\org\springframework\boot\spring-boot-starter-jdbc\1.4.0.RELEASE\spring-boot-starter-jdbc-1.4.0.RELEASE.jar;C:\Users\ryusui_kuzuo\.m2\repository\org\apache\tomcat\tomcat-jdbc\8.5.4\tomcat-jdbc-8.5.4.jar;C:\Users\ryusui_kuzuo\.m2\repository\org\apache\tomcat\tomcat-juli\8.5.4\tomcat-juli-8.5.4.jar;C:\Users\ryusui_kuzuo\.m2\repository\org\springframework\spring-jdbc\4.3.2.RELEASE\spring-jdbc-4.3.2.RELEASE.jar;C:\Users\ryusui_kuzuo\.m2\repository\org\hibernate\hibernate-core\5.0.9.Final\hibernate-core-5.0.9.Final.jar;C:\Users\ryusui_kuzuo\.m2\repository\org\hibernate\javax\persistence\hibernate-jpa-2.1-api\1.0.0.Final\hibernate-jpa-2.1-api-1.0.0.Final.jar;C:\Users\ryusui_kuzuo\.m2\repository\org\javassist\javassist\3.20.0-GA\javassist-3.20.0-GA.jar;C:\Users\ryusui_kuzuo\.m2\repository\antlr\antlr\2.7.7\antlr-2.7.7.jar;C:\Users\ryusui_kuzuo\.m2\repository\org\jboss\jandex\2.0.0.Final\jandex-2.0.0.Final.jar;C:\Users\ryusui_kuzuo\.m2\repository\dom4j\dom4j\1.6.1\dom4j-1.6.1.jar;C:\Users\ryusui_kuzuo\.m2\repository\xml-apis\xml-apis\1.4.01\xml-apis-1.4.01.jar;C:\Users\ryusui_kuzuo\.m2\repository\org\hibernate\common\hibernate-commons-annotations\5.0.1.Final\hibernate-commons-annotations-5.0.1.Final.jar;C:\Users\ryusui_kuzuo\.m2\repository\org\hibernate\hibernate-entitymanager\5.0.9.Final\hibernate-entitymanager-5.0.9.Final.jar;C:\Users\ryusui_kuzuo\.m2\repository\javax\transaction\javax.transaction-api\1.2\javax.transaction-api-1.2.jar;C:\Users\ryusui_kuzuo\.m2\repository\org\springframework\data\spring-data-jpa\1.10.2.RELEASE\spring-data-jpa-1.10.2.RELEASE.jar;C:\Users\ryusui_kuzuo\.m2\repository\org\springframework\data\spring-data-commons\1.12.2.RELEASE\spring-data-commons-1.12.2.RELEASE.jar;C:\Users\ryusui_kuzuo\.m2\repository\org\springframework\spring-orm\4.3.2.RELEASE\spring-orm-4.3.2.RELEASE.jar;C:\Users\ryusui_kuzuo\.m2\repository\org\springframework\spring-tx\4.3.2.RELEASE\spring-tx-4.3.2.RELEASE.jar;C:\Users\ryusui_kuzuo\.m2\repository\org\slf4j\jcl-over-slf4j\1.7.21\jcl-over-slf4j-1.7.21.jar;C:\Users\ryusui_kuzuo\.m2\repository\org\springframework\spring-aspects\4.3.2.RELEASE\spring-aspects-4.3.2.RELEASE.jar;C:\Users\ryusui_kuzuo\.m2\repository\junit\junit\4.12\junit-4.12.jar;C:\Users\ryusui_kuzuo\.m2\repository\org\projectlombok\lombok\1.16.10\lombok-1.16.10.jar;C:\Users\ryusui_kuzuo\.m2\repository\mysql\mysql-connector-java\5.1.39\mysql-connector-java-5.1.39.jar;'
2016/09/11 15:03:15 DEBUG Found key 'user.name' in [systemProperties] with type [String] and value 'ryusui_kuzuo'
2016/09/11 15:03:15 DEBUG Found key 'java.vm.specification.version' in [systemProperties] with type [String] and value '1.8'
2016/09/11 15:03:15 DEBUG Found key 'sun.java.command' in [systemProperties] with type [String] and value 'D:\GoogleDrive\myOriginalPrograms\SpringToolSuite\P258onLyNumberMySQL\target\surefire\surefirebooter7018816441728322188.jar D:\GoogleDrive\myOriginalPrograms\SpringToolSuite\P258onLyNumberMySQL\target\surefire\surefire2032707743842603687tmp D:\GoogleDrive\myOriginalPrograms\SpringToolSuite\P258onLyNumberMySQL\target\surefire\surefire_03243002624555875229tmp'
2016/09/11 15:03:15 DEBUG Found key 'java.home' in [systemProperties] with type [String] and value 'D:\elsesoftware\pleiades-e4.6-java-jre_20160622\pleiades\java\8\jre'
2016/09/11 15:03:15 DEBUG Found key 'sun.arch.data.model' in [systemProperties] with type [String] and value '64'
2016/09/11 15:03:15 DEBUG Found key 'user.language' in [systemProperties] with type [String] and value 'ja'
2016/09/11 15:03:15 DEBUG Found key 'java.specification.vendor' in [systemProperties] with type [String] and value 'Oracle Corporation'
2016/09/11 15:03:15 DEBUG Found key 'awt.toolkit' in [systemProperties] with type [String] and value 'sun.awt.windows.WToolkit'
2016/09/11 15:03:15 DEBUG Found key 'java.vm.info' in [systemProperties] with type [String] and value 'mixed mode'
2016/09/11 15:03:15 DEBUG Found key 'java.version' in [systemProperties] with type [String] and value '1.8.0_92'
2016/09/11 15:03:15 DEBUG Found key 'java.ext.dirs' in [systemProperties] with type [String] and value 'D:\elsesoftware\pleiades-e4.6-java-jre_20160622\pleiades\java\8\jre\lib\ext;C:\WINDOWS\Sun\Java\lib\ext'
2016/09/11 15:03:15 DEBUG Found key 'sun.boot.class.path' in [systemProperties] with type [String] and value 'D:\elsesoftware\pleiades-e4.6-java-jre_20160622\pleiades\java\8\jre\lib\resources.jar;D:\elsesoftware\pleiades-e4.6-java-jre_20160622\pleiades\java\8\jre\lib\rt.jar;D:\elsesoftware\pleiades-e4.6-java-jre_20160622\pleiades\java\8\jre\lib\sunrsasign.jar;D:\elsesoftware\pleiades-e4.6-java-jre_20160622\pleiades\java\8\jre\lib\jsse.jar;D:\elsesoftware\pleiades-e4.6-java-jre_20160622\pleiades\java\8\jre\lib\jce.jar;D:\elsesoftware\pleiades-e4.6-java-jre_20160622\pleiades\java\8\jre\lib\charsets.jar;D:\elsesoftware\pleiades-e4.6-java-jre_20160622\pleiades\java\8\jre\lib\jfr.jar;D:\elsesoftware\pleiades-e4.6-java-jre_20160622\pleiades\java\8\jre\classes'
2016/09/11 15:03:15 DEBUG Found key 'java.awt.headless' in [systemProperties] with type [String] and value 'true'
2016/09/11 15:03:15 DEBUG Found key 'java.vendor' in [systemProperties] with type [String] and value 'Oracle Corporation'
2016/09/11 15:03:15 DEBUG Found key 'localRepository' in [systemProperties] with type [String] and value 'C:\Users\ryusui_kuzuo\.m2\repository'
2016/09/11 15:03:15 DEBUG Found key 'file.separator' in [systemProperties] with type [String] and value '\'
2016/09/11 15:03:15 DEBUG Found key 'java.vendor.url.bug' in [systemProperties] with type [String] and value 'http://bugreport.sun.com/bugreport/'
2016/09/11 15:03:15 DEBUG Found key 'sun.io.unicode.encoding' in [systemProperties] with type [String] and value 'UnicodeLittle'
2016/09/11 15:03:15 DEBUG Found key 'sun.cpu.endian' in [systemProperties] with type [String] and value 'little'
2016/09/11 15:03:15 DEBUG Found key 'sun.desktop' in [systemProperties] with type [String] and value 'windows'
2016/09/11 15:03:15 DEBUG Found key 'sun.cpu.isalist' in [systemProperties] with type [String] and value 'amd64'
2016/09/11 15:03:15 DEBUG Found key 'PATH' in [systemEnvironment] with type [String] and value 'D:/elsesoftware/pleiades-e4.6-java-jre_20160622/pleiades/eclipse/jre/bin/../jre/bin/server;D:/elsesoftware/pleiades-e4.6-java-jre_20160622/pleiades/eclipse/jre/bin/../jre/bin;D:/elsesoftware/pleiades-e4.6-java-jre_20160622/pleiades/eclipse/jre/bin/../jre/lib/amd64;C:\ProgramData\Oracle\Java\javapath;C:\Program Files (x86)\NVIDIA Corporation\PhysX\Common;D:\android emu\android-sdk-windows\toolsTK2-Runtime\bin;C:\Program Files\Microsoft\Web Platform Installer\;C:\Program Files (x86)\Windows Kits\8.1\Windows Performance Toolkit\;C:\Program Files\Microsoft SQL Server\110\Tools\Binn\;C:\Program Files (x86)\Microsoft SDKs\TypeScript\1.0\;D:\gtk-runtime\GTK2-Runtime\bin;D:\QuickTime\QTSystem\;C:\Program Files (x86)\AMD\ATI.ACE\Core-Static;C:\WINDOWS\system32;C:\WINDOWS;C:\WINDOWS\System32\Wbem;C:\WINDOWS\System32\WindowsPowerShell\v1.0\;D:\elsesoftware\MySQL\bin;D:\GoogleDrive\myOriginalPrograms\spring-1.4.0.BUILD-SNAPSHOT\bin;D:\GoogleDrive\myOriginalPrograms\apache-maven-3.3.9\bin;C:\Program Files\Java\jdk1.8.0_91\bin;D:\elsesoftware\Microsoft VS Code\bin;D:\elsesoftware\pleiades-e4.6-java-jre_20160622\pleiades\eclipse;'
2016/09/11 15:03:15 DEBUG Found key 'USERDOMAIN_ROAMINGPROFILE' in [systemEnvironment] with type [String] and value 'MAIN-PC'
2016/09/11 15:03:15 DEBUG Found key 'LOCALAPPDATA' in [systemEnvironment] with type [String] and value 'C:\Users\ryusui_kuzuo\AppData\Local'
2016/09/11 15:03:15 DEBUG Found key 'PROCESSOR_LEVEL' in [systemEnvironment] with type [String] and value '6'
2016/09/11 15:03:15 DEBUG Found key 'SYSTEMDRIVE' in [systemEnvironment] with type [String] and value 'C:'
2016/09/11 15:03:15 DEBUG Found key 'COMMONPROGRAMFILES(X86)' in [systemEnvironment] with type [String] and value 'C:\Program Files (x86)\Common Files'
2016/09/11 15:03:15 DEBUG Found key 'FP_NO_HOST_CHECK' in [systemEnvironment] with type [String] and value 'NO'
2016/09/11 15:03:15 DEBUG Found key 'USERDOMAIN' in [systemEnvironment] with type [String] and value 'MAIN-PC'
2016/09/11 15:03:15 DEBUG Found key 'FPS_BROWSER_APP_PROFILE_STRING' in [systemEnvironment] with type [String] and value 'Internet Explorer'
2016/09/11 15:03:15 DEBUG Found key 'LOGONSERVER' in [systemEnvironment] with type [String] and value '\\MicrosoftAccount'
2016/09/11 15:03:15 DEBUG Found key 'JAVA_HOME' in [systemEnvironment] with type [String] and value 'C:\Program Files\Java\jdk1.8.0_101'
2016/09/11 15:03:15 DEBUG Found key 'PROMPT' in [systemEnvironment] with type [String] and value '$P$G'
2016/09/11 15:03:15 DEBUG Found key 'SESSIONNAME' in [systemEnvironment] with type [String] and value 'Console'
2016/09/11 15:03:15 DEBUG Found key 'ALLUSERSPROFILE' in [systemEnvironment] with type [String] and value 'C:\ProgramData'
2016/09/11 15:03:15 DEBUG Found key 'PROGRAMFILES(X86)' in [systemEnvironment] with type [String] and value 'C:\Program Files (x86)'
2016/09/11 15:03:15 DEBUG Found key 'PROCESSOR_ARCHITECTURE' in [systemEnvironment] with type [String] and value 'AMD64'
2016/09/11 15:03:15 DEBUG Found key 'VS120COMNTOOLS' in [systemEnvironment] with type [String] and value 'D:\VisualC 2013\Common7\Tools\'
2016/09/11 15:03:15 DEBUG Found key 'VS100COMNTOOLS' in [systemEnvironment] with type [String] and value 'C:\Program Files (x86)\Microsoft Visual Studio 10.0\Common7\Tools\'
2016/09/11 15:03:15 DEBUG Found key 'PROGRAMFILES' in [systemEnvironment] with type [String] and value 'C:\Program Files'
2016/09/11 15:03:15 DEBUG Found key '=C:' in [systemEnvironment] with type [String] and value 'C:\'
2016/09/11 15:03:15 DEBUG Found key 'APPDATA' in [systemEnvironment] with type [String] and value 'C:\Users\ryusui_kuzuo\AppData\Roaming'
2016/09/11 15:03:15 DEBUG Found key 'PSMODULEPATH' in [systemEnvironment] with type [String] and value 'C:\WINDOWS\system32\WindowsPowerShell\v1.0\Modules\'
2016/09/11 15:03:15 DEBUG Found key 'PROGRAMW6432' in [systemEnvironment] with type [String] and value 'C:\Program Files'
2016/09/11 15:03:15 DEBUG Found key 'PROGRAMDATA' in [systemEnvironment] with type [String] and value 'C:\ProgramData'
2016/09/11 15:03:15 DEBUG Found key 'SYSTEMROOT' in [systemEnvironment] with type [String] and value 'C:\WINDOWS'
2016/09/11 15:03:15 DEBUG Found key 'USERNAME' in [systemEnvironment] with type [String] and value 'ryusui_kuzuo'
2016/09/11 15:03:15 DEBUG Found key 'FPS_BROWSER_USER_PROFILE_STRING' in [systemEnvironment] with type [String] and value 'Default'
2016/09/11 15:03:15 DEBUG Found key 'PATHEXT' in [systemEnvironment] with type [String] and value '.COM;.EXE;.BAT;.CMD;.VBS;.VBE;.JS;.JSE;.WSF;.WSH;.MSC'
2016/09/11 15:03:15 DEBUG Found key 'OS' in [systemEnvironment] with type [String] and value 'Windows_NT'
2016/09/11 15:03:15 DEBUG Found key 'COMMONPROGRAMW6432' in [systemEnvironment] with type [String] and value 'C:\Program Files\Common Files'
2016/09/11 15:03:15 DEBUG Found key 'COMPUTERNAME' in [systemEnvironment] with type [String] and value 'MAIN-PC'
2016/09/11 15:03:15 DEBUG Found key 'COMMONPROGRAMFILES' in [systemEnvironment] with type [String] and value 'C:\Program Files\Common Files'
2016/09/11 15:03:15 DEBUG Found key 'COMSPEC' in [systemEnvironment] with type [String] and value 'C:\WINDOWS\system32\cmd.exe'
2016/09/11 15:03:15 DEBUG Found key 'PROCESSOR_REVISION' in [systemEnvironment] with type [String] and value '3a09'
2016/09/11 15:03:15 DEBUG Found key 'WINDIR' in [systemEnvironment] with type [String] and value 'C:\WINDOWS'
2016/09/11 15:03:15 DEBUG Found key '=D:' in [systemEnvironment] with type [String] and value 'D:\GoogleDrive\myOriginalPrograms\SpringToolSuite\P258onLyNumberMySQL'
2016/09/11 15:03:15 DEBUG Found key 'HOMEPATH' in [systemEnvironment] with type [String] and value '\Users\ryusui_kuzuo'
2016/09/11 15:03:15 DEBUG Found key 'TEMP' in [systemEnvironment] with type [String] and value 'C:\Users\RYUSUI~1\AppData\Local\Temp'
2016/09/11 15:03:15 DEBUG Found key 'HOMEDRIVE' in [systemEnvironment] with type [String] and value 'C:'
2016/09/11 15:03:15 DEBUG Found key 'PROCESSOR_IDENTIFIER' in [systemEnvironment] with type [String] and value 'Intel64 Family 6 Model 58 Stepping 9, GenuineIntel'
2016/09/11 15:03:15 DEBUG Found key 'USERPROFILE' in [systemEnvironment] with type [String] and value 'C:\Users\ryusui_kuzuo'
2016/09/11 15:03:15 DEBUG Found key 'TMP' in [systemEnvironment] with type [String] and value 'C:\Users\RYUSUI~1\AppData\Local\Temp'
2016/09/11 15:03:15 DEBUG Found key 'VS110COMNTOOLS' in [systemEnvironment] with type [String] and value 'C:\Program Files (x86)\Microsoft Visual Studio 11.0\Common7\Tools\'
2016/09/11 15:03:15 DEBUG Found key 'PUBLIC' in [systemEnvironment] with type [String] and value 'C:\Users\Public'
2016/09/11 15:03:15 DEBUG Found key 'NUMBER_OF_PROCESSORS' in [systemEnvironment] with type [String] and value '8'
2016/09/11 15:03:15 DEBUG Found key '=::' in [systemEnvironment] with type [String] and value '::\'
2016/09/11 15:03:15 DEBUG Found key 'spring.jmx.enabled' in [integrationTest] with type [String] and value 'false'
2016/09/11 15:03:15 DEBUG Found key 'server.port' in [integrationTest] with type [String] and value '-1'
2016/09/11 15:03:15 DEBUG Found key 'spring.datasource.username' in [applicationConfigurationProperties] with type [String] and value 'shunya'
2016/09/11 15:03:15 DEBUG Found key 'spring.datasource.driverClassName' in [applicationConfigurationProperties] with type [String] and value 'com.mysql.jdbc.Driver'
2016/09/11 15:03:15 DEBUG Found key 'spring.datasource.password' in [applicationConfigurationProperties] with type [String] and value 'kiyokawa'
2016/09/11 15:03:15 DEBUG Found key 'spring.datasource.url' in [applicationConfigurationProperties] with type [String] and value 'jdbc:mysql://localhost/springbootsample'
2016/09/11 15:03:15 DEBUG Found key 'spring.jpa.hibernate.ddl-auto' in [applicationConfigurationProperties] with type [String] and value 'update'
2016/09/11 15:03:15 DEBUG Returning cached instance of singleton bean 'org.springframework.boot.autoconfigure.internalCachingMetadataReaderFactory'
2016/09/11 15:03:15 DEBUG Returning cached instance of singleton bean 'autoConfigurationReport'
2016/09/11 15:03:15 DEBUG Could not find key 'spring.messages.basename' in any property source
[...]

   WebSocketAutoConfiguration.UndertowWebSocketConfiguration did not match
      - required @ConditionalOnClass classes not found: io.undertow.websockets.jsr.Bootstrap (OnClassCondition)

   WebSocketMessagingAutoConfiguration did not match
      - required @ConditionalOnClass classes not found: org.springframework.web.socket.config.annotation.WebSocketMessageBrokerConfigurer (OnClassCondition)

   XADataSourceAutoConfiguration did not match
      - @ConditionalOnClass classes found: javax.sql.DataSource,javax.transaction.TransactionManager,org.springframework.jdbc.datasource.embedded.EmbeddedDatabaseType (OnClassCondition)
      - @ConditionalOnBean (types: org.springframework.boot.jta.XADataSourceWrapper; SearchStrategy: all) found no beans (OnBeanCondition)


Exclusions:
-----------

    None


Unconditional classes:
----------------------

    org.springframework.boot.autoconfigure.PropertyPlaceholderAutoConfiguration

    org.springframework.boot.autoconfigure.web.WebClientAutoConfiguration

    org.springframework.boot.autoconfigure.context.ConfigurationPropertiesAutoConfiguration

    org.springframework.boot.autoconfigure.info.ProjectInfoAutoConfiguration



2016/09/11 15:03:18 ERROR Application startup failed
org.springframework.beans.factory.UnsatisfiedDependencyException: Error creating bean with name 'heloController': Unsatisfied dependency expressed through field 'repository': Error creating bean with name 'myDataRepository': Invocation of init method failed; nested exception is java.lang.IllegalArgumentException: Not a managed type: class entity.MyData; nested exception is org.springframework.beans.factory.BeanCreationException: Error creating bean with name 'myDataRepository': Invocation of init method failed; nested exception is java.lang.IllegalArgumentException: Not a managed type: class entity.MyData
	at org.springframework.beans.factory.annotation.AutowiredAnnotationBeanPostProcessor$AutowiredFieldElement.inject(AutowiredAnnotationBeanPostProcessor.java:569)
	at org.springframework.beans.factory.annotation.InjectionMetadata.inject(InjectionMetadata.java:88)
	at org.springframework.beans.factory.annotation.AutowiredAnnotationBeanPostProcessor.postProcessPropertyValues(AutowiredAnnotationBeanPostProcessor.java:349)
	at org.springframework.beans.factory.support.AbstractAutowireCapableBeanFactory.populateBean(AbstractAutowireCapableBeanFactory.java:1214)
	at org.springframework.beans.factory.support.AbstractAutowireCapableBeanFactory.doCreateBean(AbstractAutowireCapableBeanFactory.java:543)
	at org.springframework.beans.factory.support.AbstractAutowireCapableBeanFactory.createBean(AbstractAutowireCapableBeanFactory.java:482)
	at org.springframework.beans.factory.support.AbstractBeanFactory$1.getObject(AbstractBeanFactory.java:306)
	at org.springframework.beans.factory.support.DefaultSingletonBeanRegistry.getSingleton(DefaultSingletonBeanRegistry.java:230)
	at org.springframework.beans.factory.support.AbstractBeanFactory.doGetBean(AbstractBeanFactory.java:302)
	at org.springframework.beans.factory.support.AbstractBeanFactory.getBean(AbstractBeanFactory.java:197)
	at org.springframework.beans.factory.support.DefaultListableBeanFactory.preInstantiateSingletons(DefaultListableBeanFactory.java:776)
	at org.springframework.context.support.AbstractApplicationContext.finishBeanFactoryInitialization(AbstractApplicationContext.java:861)
	at org.springframework.context.support.AbstractApplicationContext.refresh(AbstractApplicationContext.java:541)
	at org.springframework.boot.SpringApplication.refresh(SpringApplication.java:759)
	at org.springframework.boot.SpringApplication.refreshContext(SpringApplication.java:369)
	at org.springframework.boot.SpringApplication.run(SpringApplication.java:313)
	at org.springframework.boot.test.SpringApplicationContextLoader.loadContext(SpringApplicationContextLoader.java:103)
	at org.springframework.test.context.cache.DefaultCacheAwareContextLoaderDelegate.loadContextInternal(DefaultCacheAwareContextLoaderDelegate.java:98)
	at org.springframework.test.context.cache.DefaultCacheAwareContextLoaderDelegate.loadContext(DefaultCacheAwareContextLoaderDelegate.java:116)
	at org.springframework.test.context.support.DefaultTestContext.getApplicationContext(DefaultTestContext.java:83)
	at org.springframework.test.context.web.ServletTestExecutionListener.setUpRequestContextIfNecessary(ServletTestExecutionListener.java:189)
	at org.springframework.test.context.web.ServletTestExecutionListener.prepareTestInstance(ServletTestExecutionListener.java:131)
	at org.springframework.test.context.TestContextManager.prepareTestInstance(TestContextManager.java:230)
	at org.springframework.test.context.junit4.SpringJUnit4ClassRunner.createTest(SpringJUnit4ClassRunner.java:228)
	at org.springframework.test.context.junit4.SpringJUnit4ClassRunner$1.runReflectiveCall(SpringJUnit4ClassRunner.java:287)
	at org.junit.internal.runners.model.ReflectiveCallable.run(ReflectiveCallable.java:12)
	at org.springframework.test.context.junit4.SpringJUnit4ClassRunner.methodBlock(SpringJUnit4ClassRunner.java:289)
	at org.springframework.test.context.junit4.SpringJUnit4ClassRunner.runChild(SpringJUnit4ClassRunner.java:247)
	at org.springframework.test.context.junit4.SpringJUnit4ClassRunner.runChild(SpringJUnit4ClassRunner.java:94)
	at org.junit.runners.ParentRunner$3.run(ParentRunner.java:290)
	at org.junit.runners.ParentRunner$1.schedule(ParentRunner.java:71)
	at org.junit.runners.ParentRunner.runChildren(ParentRunner.java:288)
	at org.junit.runners.ParentRunner.access$000(ParentRunner.java:58)
	at org.junit.runners.ParentRunner$2.evaluate(ParentRunner.java:268)
	at org.springframework.test.context.junit4.statements.RunBeforeTestClassCallbacks.evaluate(RunBeforeTestClassCallbacks.java:61)
	at org.springframework.test.context.junit4.statements.RunAfterTestClassCallbacks.evaluate(RunAfterTestClassCallbacks.java:70)
	at org.junit.runners.ParentRunner.run(ParentRunner.java:363)
	at org.springframework.test.context.junit4.SpringJUnit4ClassRunner.run(SpringJUnit4ClassRunner.java:191)
	at org.apache.maven.surefire.junit4.JUnit4Provider.execute(JUnit4Provider.java:283)
	at org.apache.maven.surefire.junit4.JUnit4Provider.executeWithRerun(JUnit4Provider.java:173)
	at org.apache.maven.surefire.junit4.JUnit4Provider.executeTestSet(JUnit4Provider.java:153)
	at org.apache.maven.surefire.junit4.JUnit4Provider.invoke(JUnit4Provider.java:128)
	at org.apache.maven.surefire.booter.ForkedBooter.invokeProviderInSameClassLoader(ForkedBooter.java:203)
	at org.apache.maven.surefire.booter.ForkedBooter.runSuitesInProcess(ForkedBooter.java:155)
	at org.apache.maven.surefire.booter.ForkedBooter.main(ForkedBooter.java:103)
Caused by: org.springframework.beans.factory.BeanCreationException: Error creating bean with name 'myDataRepository': Invocation of init method failed; nested exception is java.lang.IllegalArgumentException: Not a managed type: class entity.MyData
	at org.springframework.beans.factory.support.AbstractAutowireCapableBeanFactory.initializeBean(AbstractAutowireCapableBeanFactory.java:1578)
	at org.springframework.beans.factory.support.AbstractAutowireCapableBeanFactory.doCreateBean(AbstractAutowireCapableBeanFactory.java:545)
	at org.springframework.beans.factory.support.AbstractAutowireCapableBeanFactory.createBean(AbstractAutowireCapableBeanFactory.java:482)
	at org.springframework.beans.factory.support.AbstractBeanFactory$1.getObject(AbstractBeanFactory.java:306)
	at org.springframework.beans.factory.support.DefaultSingletonBeanRegistry.getSingleton(DefaultSingletonBeanRegistry.java:230)
	at org.springframework.beans.factory.support.AbstractBeanFactory.doGetBean(AbstractBeanFactory.java:302)
	at org.springframework.beans.factory.support.AbstractBeanFactory.getBean(AbstractBeanFactory.java:202)
	at org.springframework.beans.factory.config.DependencyDescriptor.resolveCandidate(DependencyDescriptor.java:207)
	at org.springframework.beans.factory.support.DefaultListableBeanFactory.findAutowireCandidates(DefaultListableBeanFactory.java:1214)
	at org.springframework.beans.factory.support.DefaultListableBeanFactory.doResolveDependency(DefaultListableBeanFactory.java:1054)
	at org.springframework.beans.factory.support.DefaultListableBeanFactory.resolveDependency(DefaultListableBeanFactory.java:1019)
	at org.springframework.beans.factory.annotation.AutowiredAnnotationBeanPostProcessor$AutowiredFieldElement.inject(AutowiredAnnotationBeanPostProcessor.java:566)
	... 44 common frames omitted
Caused by: java.lang.IllegalArgumentException: Not a managed type: class entity.MyData
	at org.hibernate.jpa.internal.metamodel.MetamodelImpl.managedType(MetamodelImpl.java:210)
	at org.springframework.data.jpa.repository.support.JpaMetamodelEntityInformation.<init>(JpaMetamodelEntityInformation.java:68)
	at org.springframework.data.jpa.repository.support.JpaEntityInformationSupport.getEntityInformation(JpaEntityInformationSupport.java:67)
	at org.springframework.data.jpa.repository.support.JpaRepositoryFactory.getEntityInformation(JpaRepositoryFactory.java:152)
	at org.springframework.data.jpa.repository.support.JpaRepositoryFactory.getTargetRepository(JpaRepositoryFactory.java:99)
	at org.springframework.data.jpa.repository.support.JpaRepositoryFactory.getTargetRepository(JpaRepositoryFactory.java:81)
	at org.springframework.data.repository.core.support.RepositoryFactorySupport.getRepository(RepositoryFactorySupport.java:199)
	at org.springframework.data.repository.core.support.RepositoryFactoryBeanSupport.initAndReturn(RepositoryFactoryBeanSupport.java:266)
	at org.springframework.data.repository.core.support.RepositoryFactoryBeanSupport.afterPropertiesSet(RepositoryFactoryBeanSupport.java:252)
	at org.springframework.data.jpa.repository.support.JpaRepositoryFactoryBean.afterPropertiesSet(JpaRepositoryFactoryBean.java:92)
	at org.springframework.beans.factory.support.AbstractAutowireCapableBeanFactory.invokeInitMethods(AbstractAutowireCapableBeanFactory.java:1637)
	at org.springframework.beans.factory.support.AbstractAutowireCapableBeanFactory.initializeBean(AbstractAutowireCapableBeanFactory.java:1574)
	... 55 common frames omitted
2016/09/11 15:03:18 ERROR Caught exception while allowing TestExecutionListener [org.springframework.test.context.web.ServletTestExecutionListener@55040f2f] to prepare test instance [newgroup.StartP94ApplicationTests@6af609ea]
java.lang.IllegalStateException: Failed to load ApplicationContext
	at org.springframework.test.context.cache.DefaultCacheAwareContextLoaderDelegate.loadContext(DefaultCacheAwareContextLoaderDelegate.java:124)
	at org.springframework.test.context.support.DefaultTestContext.getApplicationContext(DefaultTestContext.java:83)
	at org.springframework.test.context.web.ServletTestExecutionListener.setUpRequestContextIfNecessary(ServletTestExecutionListener.java:189)
	at org.springframework.test.context.web.ServletTestExecutionListener.prepareTestInstance(ServletTestExecutionListener.java:131)
	at org.springframework.test.context.TestContextManager.prepareTestInstance(TestContextManager.java:230)
	at org.springframework.test.context.junit4.SpringJUnit4ClassRunner.createTest(SpringJUnit4ClassRunner.java:228)
	at org.springframework.test.context.junit4.SpringJUnit4ClassRunner$1.runReflectiveCall(SpringJUnit4ClassRunner.java:287)
	at org.junit.internal.runners.model.ReflectiveCallable.run(ReflectiveCallable.java:12)
	at org.springframework.test.context.junit4.SpringJUnit4ClassRunner.methodBlock(SpringJUnit4ClassRunner.java:289)
	at org.springframework.test.context.junit4.SpringJUnit4ClassRunner.runChild(SpringJUnit4ClassRunner.java:247)
	at org.springframework.test.context.junit4.SpringJUnit4ClassRunner.runChild(SpringJUnit4ClassRunner.java:94)
	at org.junit.runners.ParentRunner$3.run(ParentRunner.java:290)
	at org.junit.runners.ParentRunner$1.schedule(ParentRunner.java:71)
	at org.junit.runners.ParentRunner.runChildren(ParentRunner.java:288)
	at org.junit.runners.ParentRunner.access$000(ParentRunner.java:58)
	at org.junit.runners.ParentRunner$2.evaluate(ParentRunner.java:268)
	at org.springframework.test.context.junit4.statements.RunBeforeTestClassCallbacks.evaluate(RunBeforeTestClassCallbacks.java:61)
	at org.springframework.test.context.junit4.statements.RunAfterTestClassCallbacks.evaluate(RunAfterTestClassCallbacks.java:70)
	at org.junit.runners.ParentRunner.run(ParentRunner.java:363)
	at org.springframework.test.context.junit4.SpringJUnit4ClassRunner.run(SpringJUnit4ClassRunner.java:191)
	at org.apache.maven.surefire.junit4.JUnit4Provider.execute(JUnit4Provider.java:283)
	at org.apache.maven.surefire.junit4.JUnit4Provider.executeWithRerun(JUnit4Provider.java:173)
	at org.apache.maven.surefire.junit4.JUnit4Provider.executeTestSet(JUnit4Provider.java:153)
	at org.apache.maven.surefire.junit4.JUnit4Provider.invoke(JUnit4Provider.java:128)
	at org.apache.maven.surefire.booter.ForkedBooter.invokeProviderInSameClassLoader(ForkedBooter.java:203)
	at org.apache.maven.surefire.booter.ForkedBooter.runSuitesInProcess(ForkedBooter.java:155)
	at org.apache.maven.surefire.booter.ForkedBooter.main(ForkedBooter.java:103)
Caused by: org.springframework.beans.factory.UnsatisfiedDependencyException: Error creating bean with name 'heloController': Unsatisfied dependency expressed through field 'repository': Error creating bean with name 'myDataRepository': Invocation of init method failed; nested exception is java.lang.IllegalArgumentException: Not a managed type: class entity.MyData; nested exception is org.springframework.beans.factory.BeanCreationException: Error creating bean with name 'myDataRepository': Invocation of init method failed; nested exception is java.lang.IllegalArgumentException: Not a managed type: class entity.MyData
	at org.springframework.beans.factory.annotation.AutowiredAnnotationBeanPostProcessor$AutowiredFieldElement.inject(AutowiredAnnotationBeanPostProcessor.java:569)
	at org.springframework.beans.factory.annotation.InjectionMetadata.inject(InjectionMetadata.java:88)
	at org.springframework.beans.factory.annotation.AutowiredAnnotationBeanPostProcessor.postProcessPropertyValues(AutowiredAnnotationBeanPostProcessor.java:349)
	at org.springframework.beans.factory.support.AbstractAutowireCapableBeanFactory.populateBean(AbstractAutowireCapableBeanFactory.java:1214)
	at org.springframework.beans.factory.support.AbstractAutowireCapableBeanFactory.doCreateBean(AbstractAutowireCapableBeanFactory.java:543)
	at org.springframework.beans.factory.support.AbstractAutowireCapableBeanFactory.createBean(AbstractAutowireCapableBeanFactory.java:482)
	at org.springframework.beans.factory.support.AbstractBeanFactory$1.getObject(AbstractBeanFactory.java:306)
	at org.springframework.beans.factory.support.DefaultSingletonBeanRegistry.getSingleton(DefaultSingletonBeanRegistry.java:230)
	at org.springframework.beans.factory.support.AbstractBeanFactory.doGetBean(AbstractBeanFactory.java:302)
	at org.springframework.beans.factory.support.AbstractBeanFactory.getBean(AbstractBeanFactory.java:197)
	at org.springframework.beans.factory.support.DefaultListableBeanFactory.preInstantiateSingletons(DefaultListableBeanFactory.java:776)
	at org.springframework.context.support.AbstractApplicationContext.finishBeanFactoryInitialization(AbstractApplicationContext.java:861)
	at org.springframework.context.support.AbstractApplicationContext.refresh(AbstractApplicationContext.java:541)
	at org.springframework.boot.SpringApplication.refresh(SpringApplication.java:759)
	at org.springframework.boot.SpringApplication.refreshContext(SpringApplication.java:369)
	at org.springframework.boot.SpringApplication.run(SpringApplication.java:313)
	at org.springframework.boot.test.SpringApplicationContextLoader.loadContext(SpringApplicationContextLoader.java:103)
	at org.springframework.test.context.cache.DefaultCacheAwareContextLoaderDelegate.loadContextInternal(DefaultCacheAwareContextLoaderDelegate.java:98)
	at org.springframework.test.context.cache.DefaultCacheAwareContextLoaderDelegate.loadContext(DefaultCacheAwareContextLoaderDelegate.java:116)
	... 26 common frames omitted
Caused by: org.springframework.beans.factory.BeanCreationException: Error creating bean with name 'myDataRepository': Invocation of init method failed; nested exception is java.lang.IllegalArgumentException: Not a managed type: class entity.MyData
	at org.springframework.beans.factory.support.AbstractAutowireCapableBeanFactory.initializeBean(AbstractAutowireCapableBeanFactory.java:1578)
	at org.springframework.beans.factory.support.AbstractAutowireCapableBeanFactory.doCreateBean(AbstractAutowireCapableBeanFactory.java:545)
	at org.springframework.beans.factory.support.AbstractAutowireCapableBeanFactory.createBean(AbstractAutowireCapableBeanFactory.java:482)
	at org.springframework.beans.factory.support.AbstractBeanFactory$1.getObject(AbstractBeanFactory.java:306)
	at org.springframework.beans.factory.support.DefaultSingletonBeanRegistry.getSingleton(DefaultSingletonBeanRegistry.java:230)
	at org.springframework.beans.factory.support.AbstractBeanFactory.doGetBean(AbstractBeanFactory.java:302)
	at org.springframework.beans.factory.support.AbstractBeanFactory.getBean(AbstractBeanFactory.java:202)
	at org.springframework.beans.factory.config.DependencyDescriptor.resolveCandidate(DependencyDescriptor.java:207)
	at org.springframework.beans.factory.support.DefaultListableBeanFactory.findAutowireCandidates(DefaultListableBeanFactory.java:1214)
	at org.springframework.beans.factory.support.DefaultListableBeanFactory.doResolveDependency(DefaultListableBeanFactory.java:1054)
	at org.springframework.beans.factory.support.DefaultListableBeanFactory.resolveDependency(DefaultListableBeanFactory.java:1019)
	at org.springframework.beans.factory.annotation.AutowiredAnnotationBeanPostProcessor$AutowiredFieldElement.inject(AutowiredAnnotationBeanPostProcessor.java:566)
	... 44 common frames omitted
Caused by: java.lang.IllegalArgumentException: Not a managed type: class entity.MyData
	at org.hibernate.jpa.internal.metamodel.MetamodelImpl.managedType(MetamodelImpl.java:210)
	at org.springframework.data.jpa.repository.support.JpaMetamodelEntityInformation.<init>(JpaMetamodelEntityInformation.java:68)
	at org.springframework.data.jpa.repository.support.JpaEntityInformationSupport.getEntityInformation(JpaEntityInformationSupport.java:67)
	at org.springframework.data.jpa.repository.support.JpaRepositoryFactory.getEntityInformation(JpaRepositoryFactory.java:152)
	at org.springframework.data.jpa.repository.support.JpaRepositoryFactory.getTargetRepository(JpaRepositoryFactory.java:99)
	at org.springframework.data.jpa.repository.support.JpaRepositoryFactory.getTargetRepository(JpaRepositoryFactory.java:81)
	at org.springframework.data.repository.core.support.RepositoryFactorySupport.getRepository(RepositoryFactorySupport.java:199)
	at org.springframework.data.repository.core.support.RepositoryFactoryBeanSupport.initAndReturn(RepositoryFactoryBeanSupport.java:266)
	at org.springframework.data.repository.core.support.RepositoryFactoryBeanSupport.afterPropertiesSet(RepositoryFactoryBeanSupport.java:252)
	at org.springframework.data.jpa.repository.support.JpaRepositoryFactoryBean.afterPropertiesSet(JpaRepositoryFactoryBean.java:92)
	at org.springframework.beans.factory.support.AbstractAutowireCapableBeanFactory.invokeInitMethods(AbstractAutowireCapableBeanFactory.java:1637)
	at org.springframework.beans.factory.support.AbstractAutowireCapableBeanFactory.initializeBean(AbstractAutowireCapableBeanFactory.java:1574)
	... 55 common frames omitted
]]></system-out>
  </testcase>
</testsuite>